#
# A fatal error has been detected by the Java Runtime Environment:
#
#  EXCEPTION_ACCESS_VIOLATION (0xc0000005) at pc=0x00007ffc81354d30, pid=6640, tid=4980
#
# JRE version: OpenJDK Runtime Environment (17.0.6) (build 17.0.6+0-b2043.56-10027231)
# Java VM: OpenJDK 64-Bit Server VM (17.0.6+0-b2043.56-10027231, mixed mode, tiered, compressed oops, compressed class ptrs, g1 gc, windows-amd64)
# Problematic frame:
# V  [jvm.dll+0x634d30]
#
# No core dump will be written. Minidumps are not enabled by default on client versions of Windows
#
# If you would like to submit a bug report, please visit:
#   https://bugreport.java.com/bugreport/crash.jsp
#

---------------  S U M M A R Y ------------

Command Line: --add-opens=java.base/java.util=ALL-UNNAMED --add-opens=java.base/java.lang=ALL-UNNAMED --add-opens=java.base/java.lang.invoke=ALL-UNNAMED --add-opens=java.prefs/java.util.prefs=ALL-UNNAMED --add-opens=java.base/java.nio.charset=ALL-UNNAMED --add-opens=java.base/java.net=ALL-UNNAMED --add-opens=java.base/java.util.concurrent.atomic=ALL-UNNAMED -Xmx2048m -Dfile.encoding=UTF-8 -Duser.country=US -Duser.language=en -Duser.variant org.gradle.launcher.daemon.bootstrap.GradleDaemon 8.0

Host: Intel(R) Core(TM) i3-6100 CPU @ 3.70GHz, 4 cores, 11G,  Windows 10 , 64 bit Build 19041 (10.0.19041.3570)
Time: Sun Oct 15 09:44:53 2023 GMT Summer Time elapsed time: 100.264471 seconds (0d 0h 1m 40s)

---------------  T H R E A D  ---------------

Current thread (0x000001d6f533ed10):  GCTaskThread "GC Thread#1" [stack: 0x00000059a8900000,0x00000059a8a00000] [id=4980]

Stack: [0x00000059a8900000,0x00000059a8a00000],  sp=0x00000059a89ff6d8,  free space=1021k
Native frames: (J=compiled Java code, j=interpreted, Vv=VM code, C=native code)
V  [jvm.dll+0x634d30]


siginfo: EXCEPTION_ACCESS_VIOLATION (0xc0000005), reading address 0xffffffffffffffff


Register to memory mapping:

RIP=0x00007ffc81354d30 jvm.dll
RAX=0x0 is NULL
RBX=0x000001d6df1d4590 is at entry_point+-400 in (nmethod*)0x000001d6df1d4590

[error occurred during error reporting (printing register info), id 0xc0000005, EXCEPTION_ACCESS_VIOLATION (0xc0000005) at pc=0x00007ffc80f4fa88]

Registers:
RAX=0x0000000000000000, RBX=0x000001d6df1d4590, RCX=0x008001d6f8754aa0, RDX=0x000001d6df1d4720
RSP=0x00000059a89ff6d8, RBP=0x000001d6f4d0e910, RSI=0x0000000000000000, RDI=0x0000000000000003
R8 =0x000001d6df1d4580, R9 =0x00007ffc816d07f0, R10=0x000001d6ddf20000, R11=0x00000059a89ff670
R12=0x0000000000000000, R13=0x000001d6f4ed1570, R14=0x000001d6df1a5310, R15=0x000001d6f4d0e700
RIP=0x00007ffc81354d30, EFLAGS=0x0000000000010246

Top of Stack: (sp=0x00000059a89ff6d8)
0x00000059a89ff6d8:   00007ffc81379e21 000001d6df1a6527
0x00000059a89ff6e8:   0000000000000000 000001d6f4d0e700
0x00000059a89ff6f8:   00007ffc813f380b 000001d6df1d4590
0x00000059a89ff708:   00007ffc80f51f21 000001d6df1d4590
0x00000059a89ff718:   000001d6df1a5310 000001d6f4ed1570
0x00000059a89ff728:   0000000000000000 000001d6df1a5310
0x00000059a89ff738:   00007ffc80f5248b 00007ffc81667ba0
0x00000059a89ff748:   00000059a89ff7e9 0000000000000000
0x00000059a89ff758:   0000000000000000 000001d6f4d0e7f0
0x00000059a89ff768:   000001d6f4d0ebc8 0000000000000000
0x00000059a89ff778:   000001d6df1a54fe 000001d6df1a5690
0x00000059a89ff788:   000001d6df1a5310 000001d6df1a6527
0x00000059a89ff798:   000000000034000a 00000059a89ff798
0x00000059a89ff7a8:   00007ffc81370001 000001d6df1a56a0
0x00000059a89ff7b8:   000001d6df1a56a0 000001d6df1a70a0
0x00000059a89ff7c8:   000001d6df1a56a0 000001d6df1a70a0 

Instructions: (pc=0x00007ffc81354d30)
0x00007ffc81354c30:   48 85 c0 74 51 49 8b b7 38 02 00 00 48 8b 7e 18
0x00007ffc81354c40:   48 83 ff f7 76 16 4c 8d 05 eb 08 2f 00 48 8b ce
0x00007ffc81354c50:   8d 53 08 e8 28 78 a7 ff 48 8b 7e 18 48 8d 47 08
0x00007ffc81354c60:   48 3b 46 20 76 17 45 33 c0 48 8b ce 41 8d 50 08
0x00007ffc81354c70:   e8 cb 75 a7 ff 48 8b f8 48 89 28 eb 0c 48 89 46
0x00007ffc81354c80:   18 48 89 2f eb 03 48 8b fb 49 8b 46 08 48 8b 48
0x00007ffc81354c90:   08 48 8b 49 18 48 8b 01 ff 90 e8 00 00 00 48 8b
0x00007ffc81354ca0:   e8 48 85 c0 74 4e 49 8b b7 38 02 00 00 48 8b 5e
0x00007ffc81354cb0:   18 48 83 fb f7 76 18 4c 8d 05 7a 08 2f 00 ba 08
0x00007ffc81354cc0:   00 00 00 48 8b ce e8 b5 77 a7 ff 48 8b 5e 18 48
0x00007ffc81354cd0:   8d 43 08 48 3b 46 20 76 14 45 33 c0 48 8b ce 41
0x00007ffc81354ce0:   8d 50 08 e8 58 75 a7 ff 48 8b d8 eb 04 48 89 46
0x00007ffc81354cf0:   18 48 89 2b 4c 8b c3 48 8b d7 49 8b cc e8 7e 54
0x00007ffc81354d00:   18 00 4c 8b 7c 24 20 48 85 c0 4c 8b 64 24 58 48
0x00007ffc81354d10:   8b 74 24 50 0f 95 c0 48 8b 6c 24 48 48 8b 5c 24
0x00007ffc81354d20:   40 48 83 c4 28 41 5e 5f c3 cc cc cc cc cc cc cc
0x00007ffc81354d30:   0f b7 51 40 b9 53 01 00 00 8b c2 2b c1 83 f8 06
0x00007ffc81354d40:   77 08 66 3b d1 74 03 b0 01 c3 32 c0 c3 cc cc cc
0x00007ffc81354d50:   48 8b 01 4c 8b c9 48 8b 50 08 48 8b 42 08 48 8b
0x00007ffc81354d60:   50 18 48 8b 82 98 00 00 00 48 8b 40 60 48 85 c0
0x00007ffc81354d70:   74 31 4c 8b 00 4d 3b c1 77 20 48 63 48 08 49 8d
0x00007ffc81354d80:   14 c8 4c 3b ca 73 13 49 8b c9 49 2b c8 48 c1 f9
0x00007ffc81354d90:   03 49 8d 0c c8 49 3b c9 74 06 48 8b 40 10 eb cd
0x00007ffc81354da0:   b0 01 c3 c3 cc cc cc cc cc cc cc cc cc cc cc cc
0x00007ffc81354db0:   48 8b 41 18 48 85 c0 74 0a 66 83 78 2e 00 76 03
0x00007ffc81354dc0:   b0 01 c3 44 0f b7 41 40 41 b9 53 01 00 00 41 8b
0x00007ffc81354dd0:   c0 41 2b c1 83 f8 06 77 10 66 45 3b c1 74 0a 8b
0x00007ffc81354de0:   41 28 c1 e8 0c a8 01 75 35 83 fa ff 75 11 8b 41
0x00007ffc81354df0:   28 25 00 00 00 06 3d 00 00 00 06 0f 94 c0 c3 8d
0x00007ffc81354e00:   42 ff 83 f8 02 77 09 8b 41 28 c1 e8 1a 24 01 c3
0x00007ffc81354e10:   83 fa 04 75 09 8b 41 28 c1 e8 19 24 01 c3 32 c0
0x00007ffc81354e20:   c3 cc cc cc cc cc cc cc cc cc cc cc cc cc cc cc 


Stack slot to memory mapping:
stack at sp + 0 slots: 0x00007ffc81379e21 jvm.dll
stack at sp + 1 slots: 0x000001d6df1a6527 is at entry_point+3719 in (nmethod*)0x000001d6df1a5310
stack at sp + 2 slots: 0x0 is NULL
stack at sp + 3 slots: 0x000001d6f4d0e700 points into unknown readable memory: 0xffffffffffffffff | ff ff ff ff ff ff ff ff
stack at sp + 4 slots: 0x00007ffc813f380b jvm.dll
stack at sp + 5 slots: 0x000001d6df1d4590 is at entry_point+-400 in (nmethod*)0x000001d6df1d4590

[error occurred during error reporting (inspecting top of stack), id 0xc0000005, EXCEPTION_ACCESS_VIOLATION (0xc0000005) at pc=0x00007ffc80f4fa88]


---------------  P R O C E S S  ---------------

Threads class SMR info:
_java_thread_list=0x000001d6f98c02b0, length=93, elements={
0x000001d6daa4bf20, 0x000001d6f4051750, 0x000001d6f40524d0, 0x000001d6f4c03330,
0x000001d6f4c3f400, 0x000001d6f4c3fcc0, 0x000001d6f4c40580, 0x000001d6f4c41170,
0x000001d6f4c4d030, 0x000001d6f4c4f940, 0x000001d6f4db50b0, 0x000001d6f4db5990,
0x000001d6f75f85f0, 0x000001d6f70af870, 0x000001d6f742b8b0, 0x000001d6f53079e0,
0x000001d6f5308850, 0x000001d6f5308d20, 0x000001d6f53091f0, 0x000001d6f53096c0,
0x000001d6f5309b90, 0x000001d6f530a060, 0x000001d6f53066a0, 0x000001d6f5306b70,
0x000001d6f57e9530, 0x000001d6f57e86c0, 0x000001d6f57ead40, 0x000001d6fb61d240,
0x000001d6fb619880, 0x000001d6fb619d50, 0x000001d6fb61dbe0, 0x000001d6fb61b560,
0x000001d6fb61a220, 0x000001d6fb61a6f0, 0x000001d6fb61fd90, 0x000001d6fb61d710,
0x000001d6f51edbb0, 0x000001d6fb620730, 0x000001d6fb61e0b0, 0x000001d6fb61e580,
0x000001d6fb61c3d0, 0x000001d6fb620260, 0x000001d6fb61abc0, 0x000001d6fb61f8c0,
0x000001d6fb61ba30, 0x000001d6fb61cd70, 0x000001d6fcd07180, 0x000001d6fcd07650,
0x000001d6fcd07b20, 0x000001d6fcd07ff0, 0x000001d6fcd09330, 0x000001d6fcd09cd0,
0x000001d6fcd0a1a0, 0x000001d6fcd0c350, 0x000001d6fcd0c820, 0x000001d6f57eb210,
0x000001d6f57e9ed0, 0x000001d6f57eca20, 0x000001d6f57ee230, 0x000001d6f57ea3a0,
0x000001d6f57ee700, 0x000001d6f57ea870, 0x000001d6f57eebd0, 0x000001d6f5308380,
0x000001d6f5307040, 0x000001d6f5307eb0, 0x000001d6f9111530, 0x000001d6f9113210,
0x000001d6f9117570, 0x000001d6f9117a40, 0x000001d6f9117f10, 0x000001d6f9111ed0,
0x000001d6f91123a0, 0x000001d6f9114550, 0x000001d6f9115890, 0x000001d6f9112d40,
0x000001d6f9114a20, 0x000001d6f91183e0, 0x000001d6f9113bb0, 0x000001d6f9115d60,
0x000001d6f9112870, 0x000001d6f91136e0, 0x000001d6f9114ef0, 0x000001d6f9114080,
0x000001d6f91153c0, 0x000001d6f9116230, 0x000001d6f9116700, 0x000001d6f9116bd0,
0x000001d6f91170a0, 0x000001d6f91188b0, 0x000001d6f9111060, 0x000001d6f57ed890,
0x000001d6f57edd60
}

Java Threads: ( => current thread )
  0x000001d6daa4bf20 JavaThread "main" [_thread_blocked, id=5720, stack(0x00000059a7500000,0x00000059a7600000)]
  0x000001d6f4051750 JavaThread "Reference Handler" daemon [_thread_blocked, id=6600, stack(0x00000059a7c00000,0x00000059a7d00000)]
  0x000001d6f40524d0 JavaThread "Finalizer" daemon [_thread_blocked, id=4424, stack(0x00000059a7d00000,0x00000059a7e00000)]
  0x000001d6f4c03330 JavaThread "Signal Dispatcher" daemon [_thread_blocked, id=5104, stack(0x00000059a7e00000,0x00000059a7f00000)]
  0x000001d6f4c3f400 JavaThread "Attach Listener" daemon [_thread_blocked, id=5532, stack(0x00000059a7f00000,0x00000059a8000000)]
  0x000001d6f4c3fcc0 JavaThread "Service Thread" daemon [_thread_blocked, id=6788, stack(0x00000059a8000000,0x00000059a8100000)]
  0x000001d6f4c40580 JavaThread "Monitor Deflation Thread" daemon [_thread_blocked, id=6780, stack(0x00000059a8100000,0x00000059a8200000)]
  0x000001d6f4c41170 JavaThread "C2 CompilerThread0" daemon [_thread_blocked, id=6328, stack(0x00000059a8200000,0x00000059a8300000)]
  0x000001d6f4c4d030 JavaThread "C1 CompilerThread0" daemon [_thread_blocked, id=6636, stack(0x00000059a8300000,0x00000059a8400000)]
  0x000001d6f4c4f940 JavaThread "Sweeper thread" daemon [_thread_blocked, id=8428, stack(0x00000059a8400000,0x00000059a8500000)]
  0x000001d6f4db50b0 JavaThread "Common-Cleaner" daemon [_thread_blocked, id=8008, stack(0x00000059a8500000,0x00000059a8600000)]
  0x000001d6f4db5990 JavaThread "Notification Thread" daemon [_thread_blocked, id=9896, stack(0x00000059a8600000,0x00000059a8700000)]
  0x000001d6f75f85f0 JavaThread "Daemon health stats" [_thread_blocked, id=1412, stack(0x00000059a8c00000,0x00000059a8d00000)]
  0x000001d6f70af870 JavaThread "Incoming local TCP Connector on port 61211" [_thread_in_native, id=8264, stack(0x00000059a8d00000,0x00000059a8e00000)]
  0x000001d6f742b8b0 JavaThread "Daemon periodic checks" [_thread_blocked, id=8252, stack(0x00000059a8e00000,0x00000059a8f00000)]
  0x000001d6f53079e0 JavaThread "Cache worker for journal cache (C:\Users\Farid Khan\.gradle\caches\journal-1)" [_thread_blocked, id=4224, stack(0x00000059a8800000,0x00000059a8900000)]
  0x000001d6f5308850 JavaThread "File lock request listener" [_thread_in_native, id=7788, stack(0x00000059a9600000,0x00000059a9700000)]
  0x000001d6f5308d20 JavaThread "Cache worker for file hash cache (C:\Users\Farid Khan\.gradle\caches\8.0\fileHashes)" [_thread_blocked, id=6740, stack(0x00000059a9800000,0x00000059a9900000)]
  0x000001d6f53091f0 JavaThread "File watcher server" daemon [_thread_blocked, id=5544, stack(0x00000059a9900000,0x00000059a9a00000)]
  0x000001d6f53096c0 JavaThread "File watcher consumer" daemon [_thread_blocked, id=5264, stack(0x00000059a9a00000,0x00000059a9b00000)]
  0x000001d6f5309b90 JavaThread "jar transforms" [_thread_blocked, id=3992, stack(0x00000059a9b00000,0x00000059a9c00000)]
  0x000001d6f530a060 JavaThread "jar transforms Thread 2" [_thread_blocked, id=6324, stack(0x00000059a9c00000,0x00000059a9d00000)]
  0x000001d6f53066a0 JavaThread "jar transforms Thread 3" [_thread_blocked, id=6616, stack(0x00000059a9d00000,0x00000059a9e00000)]
  0x000001d6f5306b70 JavaThread "jar transforms Thread 4" [_thread_blocked, id=6596, stack(0x00000059a9e00000,0x00000059a9f00000)]
  0x000001d6f57e9530 JavaThread "Cache worker for file content cache (C:\Users\Farid Khan\.gradle\caches\8.0\fileContent)" [_thread_blocked, id=3948, stack(0x00000059aa000000,0x00000059aa100000)]
  0x000001d6f57e86c0 JavaThread "Cache worker for execution history cache (C:\Users\Farid Khan\.gradle\caches\8.0\executionHistory)" [_thread_blocked, id=7020, stack(0x00000059aa400000,0x00000059aa500000)]
  0x000001d6f57ead40 JavaThread "Cache worker for kotlin-dsl (C:\Users\Farid Khan\.gradle\caches\8.0\kotlin-dsl)" [_thread_blocked, id=5740, stack(0x00000059aa500000,0x00000059aa600000)]
  0x000001d6fb61d240 JavaThread "Memory manager" [_thread_blocked, id=5608, stack(0x00000059ad000000,0x00000059ad100000)]
  0x000001d6fb619880 JavaThread "pool-3-thread-1" [_thread_blocked, id=1192, stack(0x00000059ad100000,0x00000059ad200000)]
  0x000001d6fb619d50 JavaThread "Daemon Thread 2" [_thread_blocked, id=2648, stack(0x00000059a7200000,0x00000059a7300000)]
  0x000001d6fb61dbe0 JavaThread "Handler for socket connection from /127.0.0.1:61211 to /127.0.0.1:61236" [_thread_in_native, id=5984, stack(0x00000059a7400000,0x00000059a7500000)]
  0x000001d6fb61b560 JavaThread "Cancel handler" [_thread_blocked, id=8648, stack(0x00000059a8f00000,0x00000059a9000000)]
  0x000001d6fb61a220 JavaThread "Daemon worker Thread 2" [_thread_blocked, id=10148, stack(0x00000059a9100000,0x00000059a9200000)]
  0x000001d6fb61a6f0 JavaThread "Asynchronous log dispatcher for DefaultDaemonConnection: socket connection from /127.0.0.1:61211 to /127.0.0.1:61236" [_thread_blocked, id=3668, stack(0x00000059a9200000,0x00000059a9300000)]
  0x000001d6fb61fd90 JavaThread "Stdin handler" [_thread_blocked, id=8948, stack(0x00000059a9300000,0x00000059a9400000)]
  0x000001d6fb61d710 JavaThread "Daemon client event forwarder" [_thread_blocked, id=2572, stack(0x00000059a9400000,0x00000059a9500000)]
  0x000001d6f51edbb0 JavaThread "C2 CompilerThread1" daemon [_thread_blocked, id=6152, stack(0x00000059a9500000,0x00000059a9600000)]
  0x000001d6fb620730 JavaThread "Cache worker for checksums cache (D:\Notes Application Using Database\.gradle\8.0\checksums)" [_thread_blocked, id=9948, stack(0x00000059a9700000,0x00000059a9800000)]
  0x000001d6fb61e0b0 JavaThread "Cache worker for cache directory md-rule (C:\Users\Farid Khan\.gradle\caches\8.0\md-rule)" [_thread_blocked, id=7504, stack(0x00000059a9f00000,0x00000059aa000000)]
  0x000001d6fb61e580 JavaThread "Cache worker for file hash cache (D:\Notes Application Using Database\.gradle\8.0\fileHashes)" [_thread_blocked, id=10000, stack(0x00000059aa100000,0x00000059aa200000)]
  0x000001d6fb61c3d0 JavaThread "Cache worker for cache directory md-supplier (C:\Users\Farid Khan\.gradle\caches\8.0\md-supplier)" [_thread_blocked, id=1512, stack(0x00000059aa200000,0x00000059aa300000)]
  0x000001d6fb620260 JavaThread "Cache worker for dependencies-accessors (D:\Notes Application Using Database\.gradle\8.0\dependencies-accessors)" [_thread_blocked, id=9880, stack(0x00000059aa300000,0x00000059aa400000)]
  0x000001d6fb61abc0 JavaThread "Cache worker for Build Output Cleanup Cache (D:\Notes Application Using Database\.gradle\buildOutputCleanup)" [_thread_blocked, id=7464, stack(0x00000059aa600000,0x00000059aa700000)]
  0x000001d6fb61f8c0 JavaThread "Unconstrained build operations" [_thread_blocked, id=4336, stack(0x00000059aa700000,0x00000059aa800000)]
  0x000001d6fb61ba30 JavaThread "Unconstrained build operations Thread 2" [_thread_blocked, id=5696, stack(0x00000059aa800000,0x00000059aa900000)]
  0x000001d6fb61cd70 JavaThread "Unconstrained build operations Thread 3" [_thread_blocked, id=6624, stack(0x00000059aa900000,0x00000059aaa00000)]
  0x000001d6fcd07180 JavaThread "Unconstrained build operations Thread 4" [_thread_blocked, id=4612, stack(0x00000059aaa00000,0x00000059aab00000)]
  0x000001d6fcd07650 JavaThread "Unconstrained build operations Thread 5" [_thread_blocked, id=1304, stack(0x00000059aab00000,0x00000059aac00000)]
  0x000001d6fcd07b20 JavaThread "Unconstrained build operations Thread 6" [_thread_blocked, id=1456, stack(0x00000059aac00000,0x00000059aad00000)]
  0x000001d6fcd07ff0 JavaThread "Unconstrained build operations Thread 7" [_thread_blocked, id=4544, stack(0x00000059aad00000,0x00000059aae00000)]
  0x000001d6fcd09330 JavaThread "Unconstrained build operations Thread 8" [_thread_blocked, id=9952, stack(0x00000059aae00000,0x00000059aaf00000)]
  0x000001d6fcd09cd0 JavaThread "Unconstrained build operations Thread 9" [_thread_blocked, id=9504, stack(0x00000059aaf00000,0x00000059ab000000)]
  0x000001d6fcd0a1a0 JavaThread "Unconstrained build operations Thread 10" [_thread_blocked, id=3896, stack(0x00000059ab000000,0x00000059ab100000)]
  0x000001d6fcd0c350 JavaThread "Unconstrained build operations Thread 11" [_thread_blocked, id=8076, stack(0x00000059ab100000,0x00000059ab200000)]
  0x000001d6fcd0c820 JavaThread "Unconstrained build operations Thread 12" [_thread_blocked, id=10088, stack(0x00000059ab200000,0x00000059ab300000)]
  0x000001d6f57eb210 JavaThread "Unconstrained build operations Thread 13" [_thread_blocked, id=6908, stack(0x00000059ab300000,0x00000059ab400000)]
  0x000001d6f57e9ed0 JavaThread "Unconstrained build operations Thread 14" [_thread_blocked, id=8072, stack(0x00000059ab400000,0x00000059ab500000)]
  0x000001d6f57eca20 JavaThread "Unconstrained build operations Thread 15" [_thread_blocked, id=1588, stack(0x00000059ab500000,0x00000059ab600000)]
  0x000001d6f57ee230 JavaThread "Unconstrained build operations Thread 16" [_thread_blocked, id=10232, stack(0x00000059ab600000,0x00000059ab700000)]
  0x000001d6f57ea3a0 JavaThread "Unconstrained build operations Thread 17" [_thread_blocked, id=5424, stack(0x00000059ab700000,0x00000059ab800000)]
  0x000001d6f57ee700 JavaThread "Unconstrained build operations Thread 18" [_thread_blocked, id=8160, stack(0x00000059ab800000,0x00000059ab900000)]
  0x000001d6f57ea870 JavaThread "Unconstrained build operations Thread 19" [_thread_blocked, id=1016, stack(0x00000059ab900000,0x00000059aba00000)]
  0x000001d6f57eebd0 JavaThread "Unconstrained build operations Thread 20" [_thread_blocked, id=1052, stack(0x00000059aba00000,0x00000059abb00000)]
  0x000001d6f5308380 JavaThread "Unconstrained build operations Thread 21" [_thread_blocked, id=6268, stack(0x00000059abb00000,0x00000059abc00000)]
  0x000001d6f5307040 JavaThread "Unconstrained build operations Thread 22" [_thread_blocked, id=5892, stack(0x00000059abc00000,0x00000059abd00000)]
  0x000001d6f5307eb0 JavaThread "Unconstrained build operations Thread 23" [_thread_blocked, id=8064, stack(0x00000059abd00000,0x00000059abe00000)]
  0x000001d6f9111530 JavaThread "Unconstrained build operations Thread 24" [_thread_blocked, id=7796, stack(0x00000059abe00000,0x00000059abf00000)]
  0x000001d6f9113210 JavaThread "Unconstrained build operations Thread 25" [_thread_blocked, id=10028, stack(0x00000059abf00000,0x00000059ac000000)]
  0x000001d6f9117570 JavaThread "Unconstrained build operations Thread 26" [_thread_blocked, id=5756, stack(0x00000059ac000000,0x00000059ac100000)]
  0x000001d6f9117a40 JavaThread "Unconstrained build operations Thread 27" [_thread_blocked, id=7800, stack(0x00000059ac100000,0x00000059ac200000)]
  0x000001d6f9117f10 JavaThread "Unconstrained build operations Thread 28" [_thread_blocked, id=6248, stack(0x00000059ac200000,0x00000059ac300000)]
  0x000001d6f9111ed0 JavaThread "Unconstrained build operations Thread 29" [_thread_blocked, id=6000, stack(0x00000059ac300000,0x00000059ac400000)]
  0x000001d6f91123a0 JavaThread "Unconstrained build operations Thread 30" [_thread_blocked, id=5684, stack(0x00000059ac400000,0x00000059ac500000)]
  0x000001d6f9114550 JavaThread "Unconstrained build operations Thread 31" [_thread_blocked, id=7448, stack(0x00000059ac500000,0x00000059ac600000)]
  0x000001d6f9115890 JavaThread "Unconstrained build operations Thread 32" [_thread_blocked, id=1040, stack(0x00000059ac600000,0x00000059ac700000)]
  0x000001d6f9112d40 JavaThread "Unconstrained build operations Thread 33" [_thread_blocked, id=8652, stack(0x00000059ac700000,0x00000059ac800000)]
  0x000001d6f9114a20 JavaThread "Unconstrained build operations Thread 34" [_thread_blocked, id=6776, stack(0x00000059ac800000,0x00000059ac900000)]
  0x000001d6f91183e0 JavaThread "Unconstrained build operations Thread 35" [_thread_blocked, id=4936, stack(0x00000059ac900000,0x00000059aca00000)]
  0x000001d6f9113bb0 JavaThread "Unconstrained build operations Thread 36" [_thread_blocked, id=5632, stack(0x00000059aca00000,0x00000059acb00000)]
  0x000001d6f9115d60 JavaThread "Unconstrained build operations Thread 37" [_thread_blocked, id=7512, stack(0x00000059acb00000,0x00000059acc00000)]
  0x000001d6f9112870 JavaThread "Unconstrained build operations Thread 38" [_thread_blocked, id=8432, stack(0x00000059acc00000,0x00000059acd00000)]
  0x000001d6f91136e0 JavaThread "Unconstrained build operations Thread 39" [_thread_blocked, id=6196, stack(0x00000059acd00000,0x00000059ace00000)]
  0x000001d6f9114ef0 JavaThread "Unconstrained build operations Thread 40" [_thread_blocked, id=3996, stack(0x00000059ace00000,0x00000059acf00000)]
  0x000001d6f9114080 JavaThread "build event listener" [_thread_blocked, id=3164, stack(0x00000059acf00000,0x00000059ad000000)]
  0x000001d6f91153c0 JavaThread "pool-6-thread-1" [_thread_blocked, id=3408, stack(0x00000059ad200000,0x00000059ad300000)]
  0x000001d6f9116230 JavaThread "build event listener" [_thread_blocked, id=2380, stack(0x00000059ad300000,0x00000059ad400000)]
  0x000001d6f9116700 JavaThread "included builds" [_thread_blocked, id=2548, stack(0x00000059ad400000,0x00000059ad500000)]
  0x000001d6f9116bd0 JavaThread "Execution worker" [_thread_blocked, id=4200, stack(0x00000059ad500000,0x00000059ad600000)]
  0x000001d6f91170a0 JavaThread "Execution worker Thread 2" [_thread_blocked, id=4412, stack(0x00000059ad600000,0x00000059ad700000)]
  0x000001d6f91188b0 JavaThread "Execution worker Thread 3" [_thread_blocked, id=3260, stack(0x00000059ad700000,0x00000059ad800000)]
  0x000001d6f9111060 JavaThread "Cache worker for execution history cache (D:\Notes Application Using Database\.gradle\8.0\executionHistory)" [_thread_blocked, id=1664, stack(0x00000059ad800000,0x00000059ad900000)]
  0x000001d6f57ed890 JavaThread "WorkerExecutor Queue" [_thread_blocked, id=8700, stack(0x00000059ad900000,0x00000059ada00000)]
  0x000001d6f57edd60 JavaThread "WorkerExecutor Queue Thread 2" [_thread_blocked, id=9452, stack(0x00000059ada00000,0x00000059adb00000)]

Other Threads:
  0x000001d6f404d720 VMThread "VM Thread" [stack: 0x00000059a7b00000,0x00000059a7c00000] [id=5536]
  0x000001d6daac4bc0 WatcherThread [stack: 0x00000059a8700000,0x00000059a8800000] [id=6768]
  0x000001d6daaa8580 GCTaskThread "GC Thread#0" [stack: 0x00000059a7600000,0x00000059a7700000] [id=5540]
=>0x000001d6f533ed10 GCTaskThread "GC Thread#1" [stack: 0x00000059a8900000,0x00000059a8a00000] [id=4980]
  0x000001d6f57ab2d0 GCTaskThread "GC Thread#2" [stack: 0x00000059a8a00000,0x00000059a8b00000] [id=9676]
  0x000001d6f57ab580 GCTaskThread "GC Thread#3" [stack: 0x00000059a8b00000,0x00000059a8c00000] [id=1396]
  0x000001d6daab9b70 ConcurrentGCThread "G1 Main Marker" [stack: 0x00000059a7700000,0x00000059a7800000] [id=3852]
  0x000001d6daaba490 ConcurrentGCThread "G1 Conc#0" [stack: 0x00000059a7800000,0x00000059a7900000] [id=6756]
  0x000001d6f3ea40e0 ConcurrentGCThread "G1 Refine#0" [stack: 0x00000059a7900000,0x00000059a7a00000] [id=7980]
  0x000001d6f4f0fe10 ConcurrentGCThread "G1 Refine#1" [stack: 0x00000059adb00000,0x00000059adc00000] [id=1196]
  0x000001d6f3ea4a10 ConcurrentGCThread "G1 Service" [stack: 0x00000059a7a00000,0x00000059a7b00000] [id=5624]

Threads with active compile tasks:
C2 CompilerThread0   100282 15230       4       com.android.ide.common.blame.MergingLogPersistUtil$SourcePositionsSerializer::append (67 bytes)
C2 CompilerThread1   100282 15236       4       com.google.gson.stream.JsonWriter::string (169 bytes)

VM state: at safepoint (normal execution)

VM Mutex/Monitor currently owned by a thread:  ([mutex/lock_event])
[0x000001d6daa46c40] Threads_lock - owner thread: 0x000001d6f404d720
[0x000001d6daa482c0] Heap_lock - owner thread: 0x000001d6daab9b70

Heap address: 0x0000000080000000, size: 2048 MB, Compressed Oops mode: 32-bit

CDS archive(s) not mapped
Compressed class space mapped at: 0x0000000100000000-0x0000000140000000, reserved size: 1073741824
Narrow klass base: 0x0000000000000000, Narrow klass shift: 3, Narrow klass range: 0x140000000

GC Precious Log:
 CPUs: 4 total, 4 available
 Memory: 12174M
 Large Page Support: Disabled
 NUMA Support: Disabled
 Compressed Oops: Enabled (32-bit)
 Heap Region Size: 1M
 Heap Min Capacity: 8M
 Heap Initial Capacity: 192M
 Heap Max Capacity: 2G
 Pre-touch: Disabled
 Parallel Workers: 4
 Concurrent Workers: 1
 Concurrent Refinement Workers: 4
 Periodic GC: Disabled

Heap:
 garbage-first heap   total 301056K, used 238592K [0x0000000080000000, 0x0000000100000000)
  region size 1024K, 11 young (11264K), 4 survivors (4096K)
 Metaspace       used 118846K, committed 119936K, reserved 1155072K
  class space    used 15561K, committed 16128K, reserved 1048576K

Heap Regions: E=young(eden), S=young(survivor), O=old, HS=humongous(starts), HC=humongous(continues), CS=collection set, F=free, OA=open archive, CA=closed archive, TAMS=top-at-mark-start (previous, next)
|   0|0x0000000080000000, 0x0000000080100000, 0x0000000080100000|100%| O|  |TAMS 0x0000000080100000, 0x0000000080100000| Untracked 
|   1|0x0000000080100000, 0x0000000080200000, 0x0000000080200000|100%| O|  |TAMS 0x0000000080200000, 0x0000000080200000| Untracked 
|   2|0x0000000080200000, 0x0000000080300000, 0x0000000080300000|100%|HS|  |TAMS 0x0000000080300000, 0x0000000080300000| Complete 
|   3|0x0000000080300000, 0x0000000080400000, 0x0000000080400000|100%|HC|  |TAMS 0x0000000080400000, 0x0000000080400000| Complete 
|   4|0x0000000080400000, 0x0000000080500000, 0x0000000080500000|100%|HC|  |TAMS 0x0000000080500000, 0x0000000080500000| Complete 
|   5|0x0000000080500000, 0x0000000080600000, 0x0000000080600000|100%|HC|  |TAMS 0x0000000080600000, 0x0000000080600000| Complete 
|   6|0x0000000080600000, 0x0000000080700000, 0x0000000080700000|100%| O|  |TAMS 0x0000000080700000, 0x0000000080700000| Untracked 
|   7|0x0000000080700000, 0x0000000080800000, 0x0000000080800000|100%| O|  |TAMS 0x0000000080800000, 0x0000000080800000| Untracked 
|   8|0x0000000080800000, 0x0000000080900000, 0x0000000080900000|100%| O|  |TAMS 0x0000000080900000, 0x0000000080900000| Untracked 
|   9|0x0000000080900000, 0x0000000080a00000, 0x0000000080a00000|100%| O|  |TAMS 0x0000000080a00000, 0x0000000080a00000| Untracked 
|  10|0x0000000080a00000, 0x0000000080b00000, 0x0000000080b00000|100%| O|  |TAMS 0x0000000080b00000, 0x0000000080b00000| Untracked 
|  11|0x0000000080b00000, 0x0000000080c00000, 0x0000000080c00000|100%| O|  |TAMS 0x0000000080c00000, 0x0000000080c00000| Untracked 
|  12|0x0000000080c00000, 0x0000000080d00000, 0x0000000080d00000|100%| O|  |TAMS 0x0000000080d00000, 0x0000000080d00000| Untracked 
|  13|0x0000000080d00000, 0x0000000080e00000, 0x0000000080e00000|100%| O|  |TAMS 0x0000000080e00000, 0x0000000080e00000| Untracked 
|  14|0x0000000080e00000, 0x0000000080f00000, 0x0000000080f00000|100%| O|  |TAMS 0x0000000080f00000, 0x0000000080f00000| Untracked 
|  15|0x0000000080f00000, 0x0000000081000000, 0x0000000081000000|100%| O|  |TAMS 0x0000000081000000, 0x0000000081000000| Untracked 
|  16|0x0000000081000000, 0x0000000081100000, 0x0000000081100000|100%| O|  |TAMS 0x0000000081100000, 0x0000000081100000| Untracked 
|  17|0x0000000081100000, 0x0000000081200000, 0x0000000081200000|100%| O|  |TAMS 0x0000000081200000, 0x0000000081200000| Untracked 
|  18|0x0000000081200000, 0x0000000081300000, 0x0000000081300000|100%| O|  |TAMS 0x0000000081300000, 0x0000000081300000| Untracked 
|  19|0x0000000081300000, 0x0000000081400000, 0x0000000081400000|100%|HS|  |TAMS 0x0000000081400000, 0x0000000081400000| Complete 
|  20|0x0000000081400000, 0x0000000081500000, 0x0000000081500000|100%|HC|  |TAMS 0x0000000081500000, 0x0000000081500000| Complete 
|  21|0x0000000081500000, 0x0000000081600000, 0x0000000081600000|100%| O|  |TAMS 0x0000000081600000, 0x0000000081600000| Untracked 
|  22|0x0000000081600000, 0x0000000081700000, 0x0000000081700000|100%|HS|  |TAMS 0x0000000081700000, 0x0000000081700000| Complete 
|  23|0x0000000081700000, 0x0000000081800000, 0x0000000081800000|100%|HC|  |TAMS 0x0000000081800000, 0x0000000081800000| Complete 
|  24|0x0000000081800000, 0x0000000081900000, 0x0000000081900000|100%|HS|  |TAMS 0x0000000081900000, 0x0000000081900000| Complete 
|  25|0x0000000081900000, 0x0000000081a00000, 0x0000000081a00000|100%|HC|  |TAMS 0x0000000081a00000, 0x0000000081a00000| Complete 
|  26|0x0000000081a00000, 0x0000000081b00000, 0x0000000081b00000|100%|HC|  |TAMS 0x0000000081b00000, 0x0000000081b00000| Complete 
|  27|0x0000000081b00000, 0x0000000081c00000, 0x0000000081c00000|100%|HS|  |TAMS 0x0000000081c00000, 0x0000000081c00000| Complete 
|  28|0x0000000081c00000, 0x0000000081d00000, 0x0000000081d00000|100%|HC|  |TAMS 0x0000000081d00000, 0x0000000081d00000| Complete 
|  29|0x0000000081d00000, 0x0000000081e00000, 0x0000000081e00000|100%|HC|  |TAMS 0x0000000081e00000, 0x0000000081e00000| Complete 
|  30|0x0000000081e00000, 0x0000000081f00000, 0x0000000081f00000|100%| O|  |TAMS 0x0000000081f00000, 0x0000000081f00000| Untracked 
|  31|0x0000000081f00000, 0x0000000082000000, 0x0000000082000000|100%| O|  |TAMS 0x0000000081f00000, 0x0000000082000000| Untracked 
|  32|0x0000000082000000, 0x0000000082100000, 0x0000000082100000|100%| O|  |TAMS 0x0000000082100000, 0x0000000082100000| Untracked 
|  33|0x0000000082100000, 0x0000000082200000, 0x0000000082200000|100%| O|  |TAMS 0x0000000082200000, 0x0000000082200000| Untracked 
|  34|0x0000000082200000, 0x0000000082300000, 0x0000000082300000|100%| O|  |TAMS 0x0000000082300000, 0x0000000082300000| Untracked 
|  35|0x0000000082300000, 0x0000000082400000, 0x0000000082400000|100%| O|  |TAMS 0x0000000082400000, 0x0000000082400000| Untracked 
|  36|0x0000000082400000, 0x0000000082500000, 0x0000000082500000|100%| O|  |TAMS 0x0000000082500000, 0x0000000082500000| Untracked 
|  37|0x0000000082500000, 0x0000000082600000, 0x0000000082600000|100%| O|  |TAMS 0x0000000082600000, 0x0000000082600000| Untracked 
|  38|0x0000000082600000, 0x0000000082700000, 0x0000000082700000|100%| O|  |TAMS 0x0000000082700000, 0x0000000082700000| Untracked 
|  39|0x0000000082700000, 0x0000000082800000, 0x0000000082800000|100%| O|  |TAMS 0x0000000082800000, 0x0000000082800000| Untracked 
|  40|0x0000000082800000, 0x0000000082900000, 0x0000000082900000|100%| O|  |TAMS 0x0000000082900000, 0x0000000082900000| Untracked 
|  41|0x0000000082900000, 0x0000000082a00000, 0x0000000082a00000|100%| O|  |TAMS 0x0000000082a00000, 0x0000000082a00000| Untracked 
|  42|0x0000000082a00000, 0x0000000082b00000, 0x0000000082b00000|100%| O|  |TAMS 0x0000000082b00000, 0x0000000082b00000| Untracked 
|  43|0x0000000082b00000, 0x0000000082c00000, 0x0000000082c00000|100%| O|  |TAMS 0x0000000082c00000, 0x0000000082c00000| Untracked 
|  44|0x0000000082c00000, 0x0000000082d00000, 0x0000000082d00000|100%|HS|  |TAMS 0x0000000082d00000, 0x0000000082d00000| Complete 
|  45|0x0000000082d00000, 0x0000000082e00000, 0x0000000082e00000|100%|HC|  |TAMS 0x0000000082e00000, 0x0000000082e00000| Complete 
|  46|0x0000000082e00000, 0x0000000082f00000, 0x0000000082f00000|100%|HC|  |TAMS 0x0000000082f00000, 0x0000000082f00000| Complete 
|  47|0x0000000082f00000, 0x0000000083000000, 0x0000000083000000|100%|HC|  |TAMS 0x0000000083000000, 0x0000000083000000| Complete 
|  48|0x0000000083000000, 0x0000000083100000, 0x0000000083100000|100%|HC|  |TAMS 0x0000000083100000, 0x0000000083100000| Complete 
|  49|0x0000000083100000, 0x0000000083200000, 0x0000000083200000|100%|HC|  |TAMS 0x0000000083200000, 0x0000000083200000| Complete 
|  50|0x0000000083200000, 0x0000000083300000, 0x0000000083300000|100%|HC|  |TAMS 0x0000000083300000, 0x0000000083300000| Complete 
|  51|0x0000000083300000, 0x0000000083400000, 0x0000000083400000|100%|HC|  |TAMS 0x0000000083400000, 0x0000000083400000| Complete 
|  52|0x0000000083400000, 0x0000000083500000, 0x0000000083500000|100%|HC|  |TAMS 0x0000000083500000, 0x0000000083500000| Complete 
|  53|0x0000000083500000, 0x0000000083600000, 0x0000000083600000|100%|HC|  |TAMS 0x0000000083600000, 0x0000000083600000| Complete 
|  54|0x0000000083600000, 0x0000000083700000, 0x0000000083700000|100%|HC|  |TAMS 0x0000000083700000, 0x0000000083700000| Complete 
|  55|0x0000000083700000, 0x0000000083800000, 0x0000000083800000|100%|HC|  |TAMS 0x0000000083800000, 0x0000000083800000| Complete 
|  56|0x0000000083800000, 0x0000000083900000, 0x0000000083900000|100%|HS|  |TAMS 0x0000000083900000, 0x0000000083900000| Complete 
|  57|0x0000000083900000, 0x0000000083a00000, 0x0000000083a00000|100%|HC|  |TAMS 0x0000000083a00000, 0x0000000083a00000| Complete 
|  58|0x0000000083a00000, 0x0000000083b00000, 0x0000000083b00000|100%|HC|  |TAMS 0x0000000083b00000, 0x0000000083b00000| Complete 
|  59|0x0000000083b00000, 0x0000000083c00000, 0x0000000083c00000|100%|HS|  |TAMS 0x0000000083c00000, 0x0000000083c00000| Complete 
|  60|0x0000000083c00000, 0x0000000083d00000, 0x0000000083d00000|100%|HC|  |TAMS 0x0000000083d00000, 0x0000000083d00000| Complete 
|  61|0x0000000083d00000, 0x0000000083e00000, 0x0000000083e00000|100%|HC|  |TAMS 0x0000000083e00000, 0x0000000083e00000| Complete 
|  62|0x0000000083e00000, 0x0000000083f00000, 0x0000000083f00000|100%| O|  |TAMS 0x0000000083f00000, 0x0000000083f00000| Untracked 
|  63|0x0000000083f00000, 0x0000000084000000, 0x0000000084000000|100%| O|  |TAMS 0x0000000084000000, 0x0000000084000000| Untracked 
|  64|0x0000000084000000, 0x0000000084100000, 0x0000000084100000|100%| O|  |TAMS 0x0000000084100000, 0x0000000084100000| Untracked 
|  65|0x0000000084100000, 0x0000000084200000, 0x0000000084200000|100%| O|  |TAMS 0x0000000084200000, 0x0000000084200000| Untracked 
|  66|0x0000000084200000, 0x0000000084300000, 0x0000000084300000|100%| O|  |TAMS 0x0000000084300000, 0x0000000084300000| Untracked 
|  67|0x0000000084300000, 0x0000000084400000, 0x0000000084400000|100%|HS|  |TAMS 0x0000000084400000, 0x0000000084400000| Complete 
|  68|0x0000000084400000, 0x0000000084500000, 0x0000000084500000|100%|HS|  |TAMS 0x0000000084500000, 0x0000000084500000| Complete 
|  69|0x0000000084500000, 0x0000000084600000, 0x0000000084600000|100%|HS|  |TAMS 0x0000000084600000, 0x0000000084600000| Complete 
|  70|0x0000000084600000, 0x0000000084700000, 0x0000000084700000|100%| O|  |TAMS 0x0000000084700000, 0x0000000084700000| Untracked 
|  71|0x0000000084700000, 0x0000000084800000, 0x0000000084800000|100%| O|  |TAMS 0x0000000084800000, 0x0000000084800000| Untracked 
|  72|0x0000000084800000, 0x0000000084900000, 0x0000000084900000|100%| O|  |TAMS 0x0000000084900000, 0x0000000084900000| Untracked 
|  73|0x0000000084900000, 0x0000000084a00000, 0x0000000084a00000|100%| O|  |TAMS 0x0000000084a00000, 0x0000000084a00000| Untracked 
|  74|0x0000000084a00000, 0x0000000084b00000, 0x0000000084b00000|100%| O|  |TAMS 0x0000000084b00000, 0x0000000084b00000| Untracked 
|  75|0x0000000084b00000, 0x0000000084c00000, 0x0000000084c00000|100%| O|  |TAMS 0x0000000084c00000, 0x0000000084c00000| Untracked 
|  76|0x0000000084c00000, 0x0000000084d00000, 0x0000000084d00000|100%| O|  |TAMS 0x0000000084d00000, 0x0000000084d00000| Untracked 
|  77|0x0000000084d00000, 0x0000000084e00000, 0x0000000084e00000|100%| O|  |TAMS 0x0000000084e00000, 0x0000000084e00000| Untracked 
|  78|0x0000000084e00000, 0x0000000084f00000, 0x0000000084f00000|100%| O|  |TAMS 0x0000000084f00000, 0x0000000084f00000| Untracked 
|  79|0x0000000084f00000, 0x0000000085000000, 0x0000000085000000|100%| O|  |TAMS 0x0000000085000000, 0x0000000085000000| Untracked 
|  80|0x0000000085000000, 0x0000000085100000, 0x0000000085100000|100%| O|  |TAMS 0x0000000085100000, 0x0000000085100000| Untracked 
|  81|0x0000000085100000, 0x0000000085200000, 0x0000000085200000|100%| O|  |TAMS 0x0000000085200000, 0x0000000085200000| Untracked 
|  82|0x0000000085200000, 0x0000000085300000, 0x0000000085300000|100%| O|  |TAMS 0x0000000085300000, 0x0000000085300000| Untracked 
|  83|0x0000000085300000, 0x0000000085400000, 0x0000000085400000|100%| O|  |TAMS 0x0000000085400000, 0x0000000085400000| Untracked 
|  84|0x0000000085400000, 0x0000000085500000, 0x0000000085500000|100%| O|  |TAMS 0x0000000085500000, 0x0000000085500000| Untracked 
|  85|0x0000000085500000, 0x0000000085600000, 0x0000000085600000|100%| O|  |TAMS 0x0000000085600000, 0x0000000085600000| Untracked 
|  86|0x0000000085600000, 0x0000000085700000, 0x0000000085700000|100%| O|  |TAMS 0x0000000085700000, 0x0000000085700000| Untracked 
|  87|0x0000000085700000, 0x0000000085800000, 0x0000000085800000|100%| O|  |TAMS 0x0000000085800000, 0x0000000085800000| Untracked 
|  88|0x0000000085800000, 0x0000000085900000, 0x0000000085900000|100%| O|  |TAMS 0x0000000085900000, 0x0000000085900000| Untracked 
|  89|0x0000000085900000, 0x0000000085a00000, 0x0000000085a00000|100%| O|  |TAMS 0x000000008593bc00, 0x0000000085a00000| Untracked 
|  90|0x0000000085a00000, 0x0000000085b00000, 0x0000000085b00000|100%| O|  |TAMS 0x0000000085a00000, 0x0000000085b00000| Untracked 
|  91|0x0000000085b00000, 0x0000000085c00000, 0x0000000085c00000|100%|HS|  |TAMS 0x0000000085b00000, 0x0000000085c00000| Complete 
|  92|0x0000000085c00000, 0x0000000085d00000, 0x0000000085d00000|100%|HC|  |TAMS 0x0000000085c00000, 0x0000000085d00000| Complete 
|  93|0x0000000085d00000, 0x0000000085e00000, 0x0000000085e00000|100%|HS|  |TAMS 0x0000000085d00000, 0x0000000085e00000| Complete 
|  94|0x0000000085e00000, 0x0000000085f00000, 0x0000000085f00000|100%|HC|  |TAMS 0x0000000085e00000, 0x0000000085f00000| Complete 
|  95|0x0000000085f00000, 0x0000000086000000, 0x0000000086000000|100%|HC|  |TAMS 0x0000000085f00000, 0x0000000086000000| Complete 
|  96|0x0000000086000000, 0x0000000086100000, 0x0000000086100000|100%|HS|  |TAMS 0x0000000086000000, 0x0000000086100000| Complete 
|  97|0x0000000086100000, 0x0000000086200000, 0x0000000086200000|100%|HC|  |TAMS 0x0000000086100000, 0x0000000086200000| Complete 
|  98|0x0000000086200000, 0x0000000086300000, 0x0000000086300000|100%|HC|  |TAMS 0x0000000086200000, 0x0000000086300000| Complete 
|  99|0x0000000086300000, 0x0000000086400000, 0x0000000086400000|100%|HS|  |TAMS 0x0000000086300000, 0x0000000086400000| Complete 
| 100|0x0000000086400000, 0x0000000086500000, 0x0000000086500000|100%|HC|  |TAMS 0x0000000086400000, 0x0000000086500000| Complete 
| 101|0x0000000086500000, 0x0000000086600000, 0x0000000086600000|100%|HC|  |TAMS 0x0000000086500000, 0x0000000086600000| Complete 
| 102|0x0000000086600000, 0x0000000086700000, 0x0000000086700000|100%|HC|  |TAMS 0x0000000086600000, 0x0000000086700000| Complete 
| 103|0x0000000086700000, 0x0000000086800000, 0x0000000086800000|100%|HC|  |TAMS 0x0000000086700000, 0x0000000086800000| Complete 
| 104|0x0000000086800000, 0x0000000086900000, 0x0000000086900000|100%|HC|  |TAMS 0x0000000086800000, 0x0000000086900000| Complete 
| 105|0x0000000086900000, 0x0000000086a00000, 0x0000000086a00000|100%|HC|  |TAMS 0x0000000086900000, 0x0000000086a00000| Complete 
| 106|0x0000000086a00000, 0x0000000086b00000, 0x0000000086b00000|100%|HC|  |TAMS 0x0000000086a00000, 0x0000000086b00000| Complete 
| 107|0x0000000086b00000, 0x0000000086c00000, 0x0000000086c00000|100%|HC|  |TAMS 0x0000000086b00000, 0x0000000086c00000| Complete 
| 108|0x0000000086c00000, 0x0000000086d00000, 0x0000000086d00000|100%|HC|  |TAMS 0x0000000086c00000, 0x0000000086d00000| Complete 
| 109|0x0000000086d00000, 0x0000000086e00000, 0x0000000086e00000|100%|HC|  |TAMS 0x0000000086d00000, 0x0000000086e00000| Complete 
| 110|0x0000000086e00000, 0x0000000086f00000, 0x0000000086f00000|100%|HC|  |TAMS 0x0000000086e00000, 0x0000000086f00000| Complete 
| 111|0x0000000086f00000, 0x0000000087000000, 0x0000000087000000|100%|HS|  |TAMS 0x0000000086f00000, 0x0000000087000000| Complete 
| 112|0x0000000087000000, 0x0000000087100000, 0x0000000087100000|100%|HC|  |TAMS 0x0000000087000000, 0x0000000087100000| Complete 
| 113|0x0000000087100000, 0x0000000087200000, 0x0000000087200000|100%| O|  |TAMS 0x0000000087100000, 0x0000000087200000| Untracked 
| 114|0x0000000087200000, 0x0000000087300000, 0x0000000087300000|100%| O|  |TAMS 0x0000000087200000, 0x0000000087300000| Untracked 
| 115|0x0000000087300000, 0x0000000087400000, 0x0000000087400000|100%| O|  |TAMS 0x0000000087300000, 0x0000000087400000| Untracked 
| 116|0x0000000087400000, 0x0000000087500000, 0x0000000087500000|100%| O|  |TAMS 0x0000000087400000, 0x0000000087500000| Untracked 
| 117|0x0000000087500000, 0x0000000087600000, 0x0000000087600000|100%| O|  |TAMS 0x0000000087500000, 0x0000000087600000| Untracked 
| 118|0x0000000087600000, 0x0000000087700000, 0x0000000087700000|100%| O|  |TAMS 0x0000000087600000, 0x0000000087700000| Untracked 
| 119|0x0000000087700000, 0x0000000087800000, 0x0000000087800000|100%| O|  |TAMS 0x0000000087700000, 0x0000000087800000| Untracked 
| 120|0x0000000087800000, 0x0000000087900000, 0x0000000087900000|100%| O|  |TAMS 0x0000000087800000, 0x0000000087900000| Untracked 
| 121|0x0000000087900000, 0x0000000087a00000, 0x0000000087a00000|100%| O|  |TAMS 0x0000000087900000, 0x0000000087a00000| Untracked 
| 122|0x0000000087a00000, 0x0000000087b00000, 0x0000000087b00000|100%| O|  |TAMS 0x0000000087a00000, 0x0000000087b00000| Untracked 
| 123|0x0000000087b00000, 0x0000000087c00000, 0x0000000087c00000|100%| O|  |TAMS 0x0000000087b00000, 0x0000000087c00000| Untracked 
| 124|0x0000000087c00000, 0x0000000087d00000, 0x0000000087d00000|100%| O|  |TAMS 0x0000000087c00000, 0x0000000087d00000| Untracked 
| 125|0x0000000087d00000, 0x0000000087e00000, 0x0000000087e00000|100%| O|  |TAMS 0x0000000087d00000, 0x0000000087e00000| Untracked 
| 126|0x0000000087e00000, 0x0000000087f00000, 0x0000000087f00000|100%| O|  |TAMS 0x0000000087e00000, 0x0000000087f00000| Untracked 
| 127|0x0000000087f00000, 0x0000000088000000, 0x0000000088000000|100%| O|  |TAMS 0x0000000087f00000, 0x0000000088000000| Untracked 
| 128|0x0000000088000000, 0x0000000088100000, 0x0000000088100000|100%| O|  |TAMS 0x0000000088000000, 0x0000000088100000| Untracked 
| 129|0x0000000088100000, 0x0000000088200000, 0x0000000088200000|100%| O|  |TAMS 0x0000000088100000, 0x0000000088200000| Untracked 
| 130|0x0000000088200000, 0x0000000088300000, 0x0000000088300000|100%| O|  |TAMS 0x0000000088200000, 0x0000000088300000| Untracked 
| 131|0x0000000088300000, 0x0000000088400000, 0x0000000088400000|100%| O|  |TAMS 0x0000000088300000, 0x0000000088400000| Untracked 
| 132|0x0000000088400000, 0x0000000088500000, 0x0000000088500000|100%| O|  |TAMS 0x0000000088400000, 0x0000000088500000| Untracked 
| 133|0x0000000088500000, 0x0000000088600000, 0x0000000088600000|100%| O|  |TAMS 0x0000000088500000, 0x0000000088600000| Untracked 
| 134|0x0000000088600000, 0x0000000088700000, 0x0000000088700000|100%| O|  |TAMS 0x0000000088600000, 0x0000000088700000| Untracked 
| 135|0x0000000088700000, 0x0000000088800000, 0x0000000088800000|100%| O|  |TAMS 0x0000000088700000, 0x0000000088800000| Untracked 
| 136|0x0000000088800000, 0x0000000088900000, 0x0000000088900000|100%| O|  |TAMS 0x0000000088800000, 0x0000000088900000| Untracked 
| 137|0x0000000088900000, 0x0000000088a00000, 0x0000000088a00000|100%| O|  |TAMS 0x0000000088900000, 0x0000000088a00000| Untracked 
| 138|0x0000000088a00000, 0x0000000088b00000, 0x0000000088b00000|100%| O|  |TAMS 0x0000000088a00000, 0x0000000088b00000| Untracked 
| 139|0x0000000088b00000, 0x0000000088c00000, 0x0000000088c00000|100%| O|  |TAMS 0x0000000088b00000, 0x0000000088c00000| Untracked 
| 140|0x0000000088c00000, 0x0000000088d00000, 0x0000000088d00000|100%| O|  |TAMS 0x0000000088c00000, 0x0000000088d00000| Untracked 
| 141|0x0000000088d00000, 0x0000000088e00000, 0x0000000088e00000|100%| O|  |TAMS 0x0000000088d00000, 0x0000000088e00000| Untracked 
| 142|0x0000000088e00000, 0x0000000088f00000, 0x0000000088f00000|100%| O|  |TAMS 0x0000000088e00000, 0x0000000088f00000| Untracked 
| 143|0x0000000088f00000, 0x0000000089000000, 0x0000000089000000|100%| O|  |TAMS 0x0000000088f00000, 0x0000000089000000| Untracked 
| 144|0x0000000089000000, 0x0000000089100000, 0x0000000089100000|100%| O|  |TAMS 0x0000000089000000, 0x0000000089100000| Untracked 
| 145|0x0000000089100000, 0x0000000089200000, 0x0000000089200000|100%| O|  |TAMS 0x0000000089100000, 0x0000000089200000| Untracked 
| 146|0x0000000089200000, 0x0000000089300000, 0x0000000089300000|100%| O|  |TAMS 0x0000000089200000, 0x0000000089300000| Untracked 
| 147|0x0000000089300000, 0x0000000089400000, 0x0000000089400000|100%| O|  |TAMS 0x0000000089300000, 0x0000000089400000| Untracked 
| 148|0x0000000089400000, 0x0000000089500000, 0x0000000089500000|100%| O|  |TAMS 0x0000000089400000, 0x0000000089500000| Untracked 
| 149|0x0000000089500000, 0x0000000089600000, 0x0000000089600000|100%| O|  |TAMS 0x0000000089500000, 0x0000000089600000| Untracked 
| 150|0x0000000089600000, 0x0000000089700000, 0x0000000089700000|100%| O|  |TAMS 0x0000000089600000, 0x0000000089700000| Untracked 
| 151|0x0000000089700000, 0x0000000089800000, 0x0000000089800000|100%| O|  |TAMS 0x0000000089700000, 0x0000000089800000| Untracked 
| 152|0x0000000089800000, 0x0000000089900000, 0x0000000089900000|100%| O|  |TAMS 0x0000000089800000, 0x0000000089900000| Untracked 
| 153|0x0000000089900000, 0x0000000089a00000, 0x0000000089a00000|100%| O|  |TAMS 0x0000000089900000, 0x0000000089a00000| Untracked 
| 154|0x0000000089a00000, 0x0000000089b00000, 0x0000000089b00000|100%| O|  |TAMS 0x0000000089a00000, 0x0000000089b00000| Untracked 
| 155|0x0000000089b00000, 0x0000000089c00000, 0x0000000089c00000|100%| O|  |TAMS 0x0000000089b00000, 0x0000000089c00000| Untracked 
| 156|0x0000000089c00000, 0x0000000089d00000, 0x0000000089d00000|100%| O|  |TAMS 0x0000000089c00000, 0x0000000089d00000| Untracked 
| 157|0x0000000089d00000, 0x0000000089e00000, 0x0000000089e00000|100%| O|  |TAMS 0x0000000089d00000, 0x0000000089e00000| Untracked 
| 158|0x0000000089e00000, 0x0000000089f00000, 0x0000000089f00000|100%| O|  |TAMS 0x0000000089e00000, 0x0000000089f00000| Untracked 
| 159|0x0000000089f00000, 0x000000008a000000, 0x000000008a000000|100%| O|  |TAMS 0x0000000089f00000, 0x000000008a000000| Untracked 
| 160|0x000000008a000000, 0x000000008a100000, 0x000000008a100000|100%| O|  |TAMS 0x000000008a000000, 0x000000008a100000| Untracked 
| 161|0x000000008a100000, 0x000000008a200000, 0x000000008a200000|100%| O|  |TAMS 0x000000008a100000, 0x000000008a200000| Untracked 
| 162|0x000000008a200000, 0x000000008a300000, 0x000000008a300000|100%| O|  |TAMS 0x000000008a200000, 0x000000008a300000| Untracked 
| 163|0x000000008a300000, 0x000000008a400000, 0x000000008a400000|100%| O|  |TAMS 0x000000008a300000, 0x000000008a400000| Untracked 
| 164|0x000000008a400000, 0x000000008a500000, 0x000000008a500000|100%| O|  |TAMS 0x000000008a400000, 0x000000008a500000| Untracked 
| 165|0x000000008a500000, 0x000000008a600000, 0x000000008a600000|100%| O|  |TAMS 0x000000008a500000, 0x000000008a600000| Untracked 
| 166|0x000000008a600000, 0x000000008a700000, 0x000000008a700000|100%| O|  |TAMS 0x000000008a600000, 0x000000008a700000| Untracked 
| 167|0x000000008a700000, 0x000000008a800000, 0x000000008a800000|100%| O|  |TAMS 0x000000008a700000, 0x000000008a800000| Untracked 
| 168|0x000000008a800000, 0x000000008a900000, 0x000000008a900000|100%| O|  |TAMS 0x000000008a800000, 0x000000008a900000| Untracked 
| 169|0x000000008a900000, 0x000000008aa00000, 0x000000008aa00000|100%| O|  |TAMS 0x000000008a900000, 0x000000008aa00000| Untracked 
| 170|0x000000008aa00000, 0x000000008ab00000, 0x000000008ab00000|100%| O|  |TAMS 0x000000008aa00000, 0x000000008ab00000| Untracked 
| 171|0x000000008ab00000, 0x000000008ac00000, 0x000000008ac00000|100%| O|  |TAMS 0x000000008ab00000, 0x000000008ac00000| Untracked 
| 172|0x000000008ac00000, 0x000000008ad00000, 0x000000008ad00000|100%| O|  |TAMS 0x000000008ac00000, 0x000000008ad00000| Untracked 
| 173|0x000000008ad00000, 0x000000008ae00000, 0x000000008ae00000|100%| O|  |TAMS 0x000000008ad00000, 0x000000008ae00000| Untracked 
| 174|0x000000008ae00000, 0x000000008af00000, 0x000000008af00000|100%| O|  |TAMS 0x000000008ae00000, 0x000000008af00000| Untracked 
| 175|0x000000008af00000, 0x000000008b000000, 0x000000008b000000|100%| O|  |TAMS 0x000000008af00000, 0x000000008b000000| Untracked 
| 176|0x000000008b000000, 0x000000008b100000, 0x000000008b100000|100%| O|  |TAMS 0x000000008b000000, 0x000000008b100000| Untracked 
| 177|0x000000008b100000, 0x000000008b200000, 0x000000008b200000|100%| O|  |TAMS 0x000000008b100000, 0x000000008b200000| Untracked 
| 178|0x000000008b200000, 0x000000008b300000, 0x000000008b300000|100%| O|  |TAMS 0x000000008b200000, 0x000000008b300000| Untracked 
| 179|0x000000008b300000, 0x000000008b400000, 0x000000008b400000|100%| O|  |TAMS 0x000000008b300000, 0x000000008b400000| Untracked 
| 180|0x000000008b400000, 0x000000008b500000, 0x000000008b500000|100%| O|  |TAMS 0x000000008b400000, 0x000000008b500000| Untracked 
| 181|0x000000008b500000, 0x000000008b600000, 0x000000008b600000|100%| O|  |TAMS 0x000000008b500000, 0x000000008b600000| Untracked 
| 182|0x000000008b600000, 0x000000008b700000, 0x000000008b700000|100%| O|  |TAMS 0x000000008b600000, 0x000000008b700000| Untracked 
| 183|0x000000008b700000, 0x000000008b800000, 0x000000008b800000|100%| O|  |TAMS 0x000000008b700000, 0x000000008b800000| Untracked 
| 184|0x000000008b800000, 0x000000008b900000, 0x000000008b900000|100%| O|  |TAMS 0x000000008b800000, 0x000000008b900000| Untracked 
| 185|0x000000008b900000, 0x000000008ba00000, 0x000000008ba00000|100%| O|  |TAMS 0x000000008b900000, 0x000000008ba00000| Untracked 
| 186|0x000000008ba00000, 0x000000008bb00000, 0x000000008bb00000|100%| O|  |TAMS 0x000000008ba00000, 0x000000008bb00000| Untracked 
| 187|0x000000008bb00000, 0x000000008bc00000, 0x000000008bc00000|100%| O|  |TAMS 0x000000008bb00000, 0x000000008bc00000| Untracked 
| 188|0x000000008bc00000, 0x000000008bd00000, 0x000000008bd00000|100%| O|  |TAMS 0x000000008bc00000, 0x000000008bd00000| Untracked 
| 189|0x000000008bd00000, 0x000000008be00000, 0x000000008be00000|100%| O|  |TAMS 0x000000008bd00000, 0x000000008be00000| Untracked 
| 190|0x000000008be00000, 0x000000008bf00000, 0x000000008bf00000|100%| O|  |TAMS 0x000000008be00000, 0x000000008bf00000| Untracked 
| 191|0x000000008bf00000, 0x000000008c000000, 0x000000008c000000|100%| O|  |TAMS 0x000000008bf00000, 0x000000008c000000| Untracked 
| 192|0x000000008c000000, 0x000000008c100000, 0x000000008c100000|100%| O|  |TAMS 0x000000008c000000, 0x000000008c100000| Untracked 
| 193|0x000000008c100000, 0x000000008c200000, 0x000000008c200000|100%| O|  |TAMS 0x000000008c100000, 0x000000008c200000| Untracked 
| 194|0x000000008c200000, 0x000000008c200000, 0x000000008c300000|  0%| F|  |TAMS 0x000000008c200000, 0x000000008c200000| Untracked 
| 195|0x000000008c300000, 0x000000008c300000, 0x000000008c400000|  0%| F|  |TAMS 0x000000008c300000, 0x000000008c300000| Untracked 
| 196|0x000000008c400000, 0x000000008c400000, 0x000000008c500000|  0%| F|  |TAMS 0x000000008c400000, 0x000000008c400000| Untracked 
| 197|0x000000008c500000, 0x000000008c500000, 0x000000008c600000|  0%| F|  |TAMS 0x000000008c500000, 0x000000008c500000| Untracked 
| 198|0x000000008c600000, 0x000000008c600000, 0x000000008c700000|  0%| F|  |TAMS 0x000000008c600000, 0x000000008c600000| Untracked 
| 199|0x000000008c700000, 0x000000008c700000, 0x000000008c800000|  0%| F|  |TAMS 0x000000008c700000, 0x000000008c700000| Untracked 
| 200|0x000000008c800000, 0x000000008c900000, 0x000000008c900000|100%| O|  |TAMS 0x000000008c800000, 0x000000008c800000| Untracked 
| 201|0x000000008c900000, 0x000000008ca00000, 0x000000008ca00000|100%|HS|  |TAMS 0x000000008c900000, 0x000000008ca00000| Complete 
| 202|0x000000008ca00000, 0x000000008cb00000, 0x000000008cb00000|100%|HC|  |TAMS 0x000000008ca00000, 0x000000008cb00000| Complete 
| 203|0x000000008cb00000, 0x000000008cc00000, 0x000000008cc00000|100%| O|  |TAMS 0x000000008cb00000, 0x000000008cc00000| Untracked 
| 204|0x000000008cc00000, 0x000000008cd00000, 0x000000008cd00000|100%| O|  |TAMS 0x000000008cc00000, 0x000000008cd00000| Untracked 
| 205|0x000000008cd00000, 0x000000008ce00000, 0x000000008ce00000|100%| O|  |TAMS 0x000000008cd00000, 0x000000008ce00000| Untracked 
| 206|0x000000008ce00000, 0x000000008cf00000, 0x000000008cf00000|100%| O|  |TAMS 0x000000008ce00000, 0x000000008cf00000| Untracked 
| 207|0x000000008cf00000, 0x000000008d000000, 0x000000008d000000|100%| O|  |TAMS 0x000000008cf00000, 0x000000008d000000| Untracked 
| 208|0x000000008d000000, 0x000000008d100000, 0x000000008d100000|100%| O|  |TAMS 0x000000008d000000, 0x000000008d100000| Untracked 
| 209|0x000000008d100000, 0x000000008d200000, 0x000000008d200000|100%| O|  |TAMS 0x000000008d100000, 0x000000008d200000| Untracked 
| 210|0x000000008d200000, 0x000000008d300000, 0x000000008d300000|100%| O|  |TAMS 0x000000008d200000, 0x000000008d300000| Untracked 
| 211|0x000000008d300000, 0x000000008d400000, 0x000000008d400000|100%| O|  |TAMS 0x000000008d300000, 0x000000008d400000| Untracked 
| 212|0x000000008d400000, 0x000000008d500000, 0x000000008d500000|100%| O|  |TAMS 0x000000008d400000, 0x000000008d500000| Untracked 
| 213|0x000000008d500000, 0x000000008d600000, 0x000000008d600000|100%| O|  |TAMS 0x000000008d500000, 0x000000008d600000| Untracked 
| 214|0x000000008d600000, 0x000000008d700000, 0x000000008d700000|100%| O|  |TAMS 0x000000008d600000, 0x000000008d700000| Untracked 
| 215|0x000000008d700000, 0x000000008d800000, 0x000000008d800000|100%| O|  |TAMS 0x000000008d700000, 0x000000008d800000| Untracked 
| 216|0x000000008d800000, 0x000000008d900000, 0x000000008d900000|100%| O|  |TAMS 0x000000008d800000, 0x000000008d900000| Untracked 
| 217|0x000000008d900000, 0x000000008da00000, 0x000000008da00000|100%| O|  |TAMS 0x000000008d900000, 0x000000008da00000| Untracked 
| 218|0x000000008da00000, 0x000000008db00000, 0x000000008db00000|100%| O|  |TAMS 0x000000008da00000, 0x000000008db00000| Untracked 
| 219|0x000000008db00000, 0x000000008dc00000, 0x000000008dc00000|100%| O|  |TAMS 0x000000008db00000, 0x000000008dc00000| Untracked 
| 220|0x000000008dc00000, 0x000000008dd00000, 0x000000008dd00000|100%| O|  |TAMS 0x000000008dc00000, 0x000000008dd00000| Untracked 
| 221|0x000000008dd00000, 0x000000008de00000, 0x000000008de00000|100%| O|  |TAMS 0x000000008dd00000, 0x000000008de00000| Untracked 
| 222|0x000000008de00000, 0x000000008de00000, 0x000000008df00000|  0%| F|  |TAMS 0x000000008de00000, 0x000000008de00000| Untracked 
| 223|0x000000008df00000, 0x000000008df00000, 0x000000008e000000|  0%| F|  |TAMS 0x000000008df00000, 0x000000008df00000| Untracked 
| 224|0x000000008e000000, 0x000000008e100000, 0x000000008e100000|100%| O|  |TAMS 0x000000008e000000, 0x000000008e000000| Untracked 
| 225|0x000000008e100000, 0x000000008e200000, 0x000000008e200000|100%| O|  |TAMS 0x000000008e100000, 0x000000008e100000| Untracked 
| 226|0x000000008e200000, 0x000000008e300000, 0x000000008e300000|100%| O|  |TAMS 0x000000008e200000, 0x000000008e200000| Untracked 
| 227|0x000000008e300000, 0x000000008e400000, 0x000000008e400000|100%| O|  |TAMS 0x000000008e300000, 0x000000008e300000| Untracked 
| 228|0x000000008e400000, 0x000000008e500000, 0x000000008e500000|100%| O|  |TAMS 0x000000008e400000, 0x000000008e400000| Untracked 
| 229|0x000000008e500000, 0x000000008e600000, 0x000000008e600000|100%| O|  |TAMS 0x000000008e500000, 0x000000008e500000| Untracked 
| 230|0x000000008e600000, 0x000000008e700000, 0x000000008e700000|100%| O|  |TAMS 0x000000008e600000, 0x000000008e600000| Untracked 
| 231|0x000000008e700000, 0x000000008e700000, 0x000000008e800000|  0%| F|  |TAMS 0x000000008e700000, 0x000000008e700000| Untracked 
| 232|0x000000008e800000, 0x000000008e800000, 0x000000008e900000|  0%| F|  |TAMS 0x000000008e800000, 0x000000008e800000| Untracked 
| 233|0x000000008e900000, 0x000000008e900000, 0x000000008ea00000|  0%| F|  |TAMS 0x000000008e900000, 0x000000008e900000| Untracked 
| 234|0x000000008ea00000, 0x000000008ea00000, 0x000000008eb00000|  0%| F|  |TAMS 0x000000008ea00000, 0x000000008ea00000| Untracked 
| 235|0x000000008eb00000, 0x000000008eb00000, 0x000000008ec00000|  0%| F|  |TAMS 0x000000008eb00000, 0x000000008eb00000| Untracked 
| 236|0x000000008ec00000, 0x000000008ec00000, 0x000000008ed00000|  0%| F|  |TAMS 0x000000008ec00000, 0x000000008ec00000| Untracked 
| 237|0x000000008ed00000, 0x000000008ed00000, 0x000000008ee00000|  0%| F|  |TAMS 0x000000008ed00000, 0x000000008ed00000| Untracked 
| 238|0x000000008ee00000, 0x000000008ee00000, 0x000000008ef00000|  0%| F|  |TAMS 0x000000008ee00000, 0x000000008ee00000| Untracked 
| 239|0x000000008ef00000, 0x000000008ef00000, 0x000000008f000000|  0%| F|  |TAMS 0x000000008ef00000, 0x000000008ef00000| Untracked 
| 240|0x000000008f000000, 0x000000008f000000, 0x000000008f100000|  0%| F|  |TAMS 0x000000008f000000, 0x000000008f000000| Untracked 
| 241|0x000000008f100000, 0x000000008f100000, 0x000000008f200000|  0%| F|  |TAMS 0x000000008f100000, 0x000000008f100000| Untracked 
| 242|0x000000008f200000, 0x000000008f200000, 0x000000008f300000|  0%| F|  |TAMS 0x000000008f200000, 0x000000008f200000| Untracked 
| 243|0x000000008f300000, 0x000000008f300000, 0x000000008f400000|  0%| F|  |TAMS 0x000000008f300000, 0x000000008f300000| Untracked 
| 244|0x000000008f400000, 0x000000008f400000, 0x000000008f500000|  0%| F|  |TAMS 0x000000008f400000, 0x000000008f400000| Untracked 
| 245|0x000000008f500000, 0x000000008f500000, 0x000000008f600000|  0%| F|  |TAMS 0x000000008f500000, 0x000000008f500000| Untracked 
| 246|0x000000008f600000, 0x000000008f600000, 0x000000008f700000|  0%| F|  |TAMS 0x000000008f600000, 0x000000008f600000| Untracked 
| 247|0x000000008f700000, 0x000000008f700000, 0x000000008f800000|  0%| F|  |TAMS 0x000000008f700000, 0x000000008f700000| Untracked 
| 248|0x000000008f800000, 0x000000008f800000, 0x000000008f900000|  0%| F|  |TAMS 0x000000008f800000, 0x000000008f800000| Untracked 
| 249|0x000000008f900000, 0x000000008f900000, 0x000000008fa00000|  0%| F|  |TAMS 0x000000008f900000, 0x000000008f900000| Untracked 
| 250|0x000000008fa00000, 0x000000008fa00000, 0x000000008fb00000|  0%| F|  |TAMS 0x000000008fa00000, 0x000000008fa00000| Untracked 
| 251|0x000000008fb00000, 0x000000008fb00000, 0x000000008fc00000|  0%| F|  |TAMS 0x000000008fb00000, 0x000000008fb00000| Untracked 
| 252|0x000000008fc00000, 0x000000008fc00000, 0x000000008fd00000|  0%| F|  |TAMS 0x000000008fc00000, 0x000000008fc00000| Untracked 
| 253|0x000000008fd00000, 0x000000008fd00000, 0x000000008fe00000|  0%| F|  |TAMS 0x000000008fd00000, 0x000000008fd00000| Untracked 
| 254|0x000000008fe00000, 0x000000008fe00000, 0x000000008ff00000|  0%| F|  |TAMS 0x000000008fe00000, 0x000000008fe00000| Untracked 
| 255|0x000000008ff00000, 0x000000008ff00000, 0x0000000090000000|  0%| F|  |TAMS 0x000000008ff00000, 0x000000008ff00000| Untracked 
| 256|0x0000000090000000, 0x0000000090000000, 0x0000000090100000|  0%| F|  |TAMS 0x0000000090000000, 0x0000000090000000| Untracked 
| 257|0x0000000090100000, 0x0000000090100000, 0x0000000090200000|  0%| F|  |TAMS 0x0000000090100000, 0x0000000090100000| Untracked 
| 258|0x0000000090200000, 0x0000000090200000, 0x0000000090300000|  0%| F|  |TAMS 0x0000000090200000, 0x0000000090200000| Untracked 
| 259|0x0000000090300000, 0x0000000090300000, 0x0000000090400000|  0%| F|  |TAMS 0x0000000090300000, 0x0000000090300000| Untracked 
| 260|0x0000000090400000, 0x0000000090400000, 0x0000000090500000|  0%| F|  |TAMS 0x0000000090400000, 0x0000000090400000| Untracked 
| 261|0x0000000090500000, 0x0000000090500000, 0x0000000090600000|  0%| F|  |TAMS 0x0000000090500000, 0x0000000090500000| Untracked 
| 262|0x0000000090600000, 0x0000000090600000, 0x0000000090700000|  0%| F|  |TAMS 0x0000000090600000, 0x0000000090600000| Untracked 
| 263|0x0000000090700000, 0x0000000090700000, 0x0000000090800000|  0%| F|  |TAMS 0x0000000090700000, 0x0000000090700000| Untracked 
| 264|0x0000000090800000, 0x0000000090800000, 0x0000000090900000|  0%| F|  |TAMS 0x0000000090800000, 0x0000000090800000| Untracked 
| 265|0x0000000090900000, 0x0000000090900000, 0x0000000090a00000|  0%| F|  |TAMS 0x0000000090900000, 0x0000000090900000| Untracked 
| 266|0x0000000090a00000, 0x0000000090b00000, 0x0000000090b00000|100%| S|CS|TAMS 0x0000000090a00000, 0x0000000090a00000| Complete 
| 267|0x0000000090b00000, 0x0000000090c00000, 0x0000000090c00000|100%| S|CS|TAMS 0x0000000090b00000, 0x0000000090b00000| Complete 
| 268|0x0000000090c00000, 0x0000000090d00000, 0x0000000090d00000|100%| S|CS|TAMS 0x0000000090c00000, 0x0000000090c00000| Complete 
| 269|0x0000000090d00000, 0x0000000090e00000, 0x0000000090e00000|100%| S|CS|TAMS 0x0000000090d00000, 0x0000000090d00000| Complete 
| 270|0x0000000090e00000, 0x0000000090e00000, 0x0000000090f00000|  0%| F|  |TAMS 0x0000000090e00000, 0x0000000090e00000| Untracked 
| 271|0x0000000090f00000, 0x0000000090f00000, 0x0000000091000000|  0%| F|  |TAMS 0x0000000090f00000, 0x0000000090f00000| Untracked 
| 272|0x0000000091000000, 0x0000000091000000, 0x0000000091100000|  0%| F|  |TAMS 0x0000000091000000, 0x0000000091000000| Untracked 
| 273|0x0000000091100000, 0x0000000091100000, 0x0000000091200000|  0%| F|  |TAMS 0x0000000091100000, 0x0000000091100000| Untracked 
| 274|0x0000000091200000, 0x0000000091200000, 0x0000000091300000|  0%| F|  |TAMS 0x0000000091200000, 0x0000000091200000| Untracked 
| 275|0x0000000091300000, 0x0000000091300000, 0x0000000091400000|  0%| F|  |TAMS 0x0000000091300000, 0x0000000091300000| Untracked 
| 276|0x0000000091400000, 0x0000000091400000, 0x0000000091500000|  0%| F|  |TAMS 0x0000000091400000, 0x0000000091400000| Untracked 
| 277|0x0000000091500000, 0x0000000091500000, 0x0000000091600000|  0%| F|  |TAMS 0x0000000091500000, 0x0000000091500000| Untracked 
| 278|0x0000000091600000, 0x0000000091600000, 0x0000000091700000|  0%| F|  |TAMS 0x0000000091600000, 0x0000000091600000| Untracked 
| 279|0x0000000091700000, 0x0000000091700000, 0x0000000091800000|  0%| F|  |TAMS 0x0000000091700000, 0x0000000091700000| Untracked 
| 280|0x0000000091800000, 0x0000000091800000, 0x0000000091900000|  0%| F|  |TAMS 0x0000000091800000, 0x0000000091800000| Untracked 
| 281|0x0000000091900000, 0x0000000091900000, 0x0000000091a00000|  0%| F|  |TAMS 0x0000000091900000, 0x0000000091900000| Untracked 
| 282|0x0000000091a00000, 0x0000000091a00000, 0x0000000091b00000|  0%| F|  |TAMS 0x0000000091a00000, 0x0000000091a00000| Untracked 
| 283|0x0000000091b00000, 0x0000000091b00000, 0x0000000091c00000|  0%| F|  |TAMS 0x0000000091b00000, 0x0000000091b00000| Untracked 
| 284|0x0000000091c00000, 0x0000000091c00000, 0x0000000091d00000|  0%| F|  |TAMS 0x0000000091c00000, 0x0000000091c00000| Untracked 
| 285|0x0000000091d00000, 0x0000000091d00000, 0x0000000091e00000|  0%| F|  |TAMS 0x0000000091d00000, 0x0000000091d00000| Untracked 
| 286|0x0000000091e00000, 0x0000000091e00000, 0x0000000091f00000|  0%| F|  |TAMS 0x0000000091e00000, 0x0000000091e00000| Untracked 
| 287|0x0000000091f00000, 0x0000000091fe77c0, 0x0000000092000000| 90%| E|  |TAMS 0x0000000091f00000, 0x0000000091f00000| Complete 
| 288|0x0000000092000000, 0x0000000092100000, 0x0000000092100000|100%| E|CS|TAMS 0x0000000092000000, 0x0000000092000000| Complete 
| 289|0x0000000092100000, 0x0000000092200000, 0x0000000092200000|100%| E|CS|TAMS 0x0000000092100000, 0x0000000092100000| Complete 
| 290|0x0000000092200000, 0x0000000092300000, 0x0000000092300000|100%| E|CS|TAMS 0x0000000092200000, 0x0000000092200000| Complete 
| 291|0x0000000092300000, 0x0000000092400000, 0x0000000092400000|100%| E|CS|TAMS 0x0000000092300000, 0x0000000092300000| Complete 
| 292|0x0000000092400000, 0x0000000092500000, 0x0000000092500000|100%| E|CS|TAMS 0x0000000092400000, 0x0000000092400000| Complete 
| 293|0x0000000092500000, 0x0000000092600000, 0x0000000092600000|100%| E|CS|TAMS 0x0000000092500000, 0x0000000092500000| Complete 

Card table byte_map: [0x000001d6ed320000,0x000001d6ed720000] _byte_map_base: 0x000001d6ecf20000

Marking Bits (Prev, Next): (CMBitMap*) 0x000001d6daaa8ae0, (CMBitMap*) 0x000001d6daaa8aa0
 Prev Bits: [0x000001d6efb20000, 0x000001d6f1b20000)
 Next Bits: [0x000001d6edb20000, 0x000001d6efb20000)

Polling page: 0x000001d6d88a0000

Metaspace:

Usage:
  Non-class:    100.86 MB used.
      Class:     15.20 MB used.
       Both:    116.06 MB used.

Virtual space:
  Non-class space:      104.00 MB reserved,     101.38 MB ( 97%) committed,  13 nodes.
      Class space:        1.00 GB reserved,      15.75 MB (  2%) committed,  1 nodes.
             Both:        1.10 GB reserved,     117.12 MB ( 10%) committed. 

Chunk freelists:
   Non-Class:  2.52 MB
       Class:  240.00 KB
        Both:  2.75 MB

MaxMetaspaceSize: unlimited
CompressedClassSpaceSize: 1.00 GB
Initial GC threshold: 21.00 MB
Current GC threshold: 129.00 MB
CDS: off
MetaspaceReclaimPolicy: balanced
 - commit_granule_bytes: 65536.
 - commit_granule_words: 8192.
 - virtual_space_node_default_size: 1048576.
 - enlarge_chunks_in_place: 1.
 - new_chunks_are_fully_committed: 0.
 - uncommit_free_chunks: 1.
 - use_allocation_guard: 0.
 - handle_deallocations: 1.


Internal statistics:

num_allocs_failed_limit: 3.
num_arena_births: 1630.
num_arena_deaths: 0.
num_vsnodes_births: 14.
num_vsnodes_deaths: 0.
num_space_committed: 1872.
num_space_uncommitted: 0.
num_chunks_returned_to_freelist: 3.
num_chunks_taken_from_freelist: 6390.
num_chunk_merges: 3.
num_chunk_splits: 4117.
num_chunks_enlarged: 2600.
num_purges: 0.
num_inconsistent_stats: 0.

CodeHeap 'non-profiled nmethods': size=120000Kb used=8639Kb max_used=8639Kb free=111360Kb
 bounds [0x000001d6e59f0000, 0x000001d6e6260000, 0x000001d6ecf20000]
CodeHeap 'profiled nmethods': size=120000Kb used=25108Kb max_used=25108Kb free=94892Kb
 bounds [0x000001d6ddf20000, 0x000001d6df7b0000, 0x000001d6e5450000]
CodeHeap 'non-nmethods': size=5760Kb used=2446Kb max_used=2562Kb free=3313Kb
 bounds [0x000001d6e5450000, 0x000001d6e56e0000, 0x000001d6e59f0000]
 total_blobs=13693 nmethods=12704 adapters=901
 compilation: enabled
              stopped_count=0, restarted_count=0
 full_count=0

Compilation events (20 events):
Event: 100.201 Thread 0x000001d6f4c4d030 nmethod 15226 0x000001d6df7a1d10 code [0x000001d6df7a1ec0, 0x000001d6df7a2128]
Event: 100.201 Thread 0x000001d6f4c4d030 15227       3       com.google.gson.stream.JsonWriter::close (95 bytes)
Event: 100.202 Thread 0x000001d6f4c4d030 nmethod 15227 0x000001d6df7a2290 code [0x000001d6df7a2520, 0x000001d6df7a2fd8]
Event: 100.203 Thread 0x000001d6f4c41170 15228       4       com.android.ide.common.blame.SourceFile::hashCode (22 bytes)
Event: 100.206 Thread 0x000001d6f4c4d030 15231   !   3       java.io.BufferedWriter::write (117 bytes)
Event: 100.206 Thread 0x000001d6f4c4d030 nmethod 15231 0x000001d6df7a3410 code [0x000001d6df7a3600, 0x000001d6df7a3bc8]
Event: 100.208 Thread 0x000001d6f4c41170 nmethod 15228 0x000001d6e625bc90 code [0x000001d6e625be20, 0x000001d6e625c198]
Event: 100.208 Thread 0x000001d6f4c41170 15229       4       com.android.ide.common.blame.SourceFile::equals (55 bytes)
Event: 100.209 Thread 0x000001d6f4c41170 nmethod 15229 0x000001d6e625c310 code [0x000001d6e625c4a0, 0x000001d6e625c638]
Event: 100.209 Thread 0x000001d6f4c41170 15230       4       com.android.ide.common.blame.MergingLogPersistUtil$SourcePositionsSerializer::append (67 bytes)
Event: 100.211 Thread 0x000001d6f4c4d030 15233       3       com.google.gson.stream.JsonWriter::beginObject (12 bytes)
Event: 100.211 Thread 0x000001d6f4c4d030 nmethod 15233 0x000001d6df7a3f10 code [0x000001d6df7a4100, 0x000001d6df7a44e8]
Event: 100.214 Thread 0x000001d6f4c4d030 15234       3       com.google.gson.stream.JsonWriter::endObject (9 bytes)
Event: 100.214 Thread 0x000001d6f4c4d030 nmethod 15234 0x000001d6df7a4690 code [0x000001d6df7a4820, 0x000001d6df7a4968]
Event: 100.217 Thread 0x000001d6f4c4d030 15235       3       java.io.Writer::write (11 bytes)
Event: 100.217 Thread 0x000001d6f4c4d030 nmethod 15235 0x000001d6df7a4a10 code [0x000001d6df7a4bc0, 0x000001d6df7a4e88]
Event: 100.225 Thread 0x000001d6f51edbb0 nmethod 15221% 0x000001d6e625c810 code [0x000001d6e625ca40, 0x000001d6e625e5b8]
Event: 100.225 Thread 0x000001d6f51edbb0 15232   !   4       java.io.BufferedWriter::write (55 bytes)
Event: 100.227 Thread 0x000001d6f51edbb0 nmethod 15232 0x000001d6e625f890 code [0x000001d6e625fa20, 0x000001d6e625fcf8]
Event: 100.227 Thread 0x000001d6f51edbb0 15236       4       com.google.gson.stream.JsonWriter::string (169 bytes)

GC Heap History (20 events):
Event: 21.776 GC heap before
{Heap before GC invocations=49 (full 0):
 garbage-first heap   total 250880K, used 226924K [0x0000000080000000, 0x0000000100000000)
  region size 1024K, 54 young (55296K), 5 survivors (5120K)
 Metaspace       used 90876K, committed 91648K, reserved 1130496K
  class space    used 12258K, committed 12608K, reserved 1048576K
}
Event: 21.784 GC heap after
{Heap after GC invocations=50 (full 0):
 garbage-first heap   total 250880K, used 175370K [0x0000000080000000, 0x0000000100000000)
  region size 1024K, 7 young (7168K), 7 survivors (7168K)
 Metaspace       used 90876K, committed 91648K, reserved 1130496K
  class space    used 12258K, committed 12608K, reserved 1048576K
}
Event: 22.331 GC heap before
{Heap before GC invocations=50 (full 0):
 garbage-first heap   total 250880K, used 212234K [0x0000000080000000, 0x0000000100000000)
  region size 1024K, 43 young (44032K), 7 survivors (7168K)
 Metaspace       used 94552K, committed 95296K, reserved 1138688K
  class space    used 12654K, committed 12992K, reserved 1048576K
}
Event: 22.344 GC heap after
{Heap after GC invocations=51 (full 0):
 garbage-first heap   total 250880K, used 170662K [0x0000000080000000, 0x0000000100000000)
  region size 1024K, 6 young (6144K), 6 survivors (6144K)
 Metaspace       used 94552K, committed 95296K, reserved 1138688K
  class space    used 12654K, committed 12992K, reserved 1048576K
}
Event: 23.329 GC heap before
{Heap before GC invocations=51 (full 0):
 garbage-first heap   total 250880K, used 209574K [0x0000000080000000, 0x0000000100000000)
  region size 1024K, 44 young (45056K), 6 survivors (6144K)
 Metaspace       used 100480K, committed 101248K, reserved 1138688K
  class space    used 13456K, committed 13824K, reserved 1048576K
}
Event: 23.340 GC heap after
{Heap after GC invocations=52 (full 0):
 garbage-first heap   total 301056K, used 174205K [0x0000000080000000, 0x0000000100000000)
  region size 1024K, 4 young (4096K), 4 survivors (4096K)
 Metaspace       used 100480K, committed 101248K, reserved 1138688K
  class space    used 13456K, committed 13824K, reserved 1048576K
}
Event: 24.567 GC heap before
{Heap before GC invocations=52 (full 0):
 garbage-first heap   total 301056K, used 244861K [0x0000000080000000, 0x0000000100000000)
  region size 1024K, 74 young (75776K), 4 survivors (4096K)
 Metaspace       used 103009K, committed 103936K, reserved 1146880K
  class space    used 13724K, committed 14144K, reserved 1048576K
}
Event: 24.579 GC heap after
{Heap after GC invocations=53 (full 0):
 garbage-first heap   total 301056K, used 179715K [0x0000000080000000, 0x0000000100000000)
  region size 1024K, 9 young (9216K), 9 survivors (9216K)
 Metaspace       used 103009K, committed 103936K, reserved 1146880K
  class space    used 13724K, committed 14144K, reserved 1048576K
}
Event: 25.554 GC heap before
{Heap before GC invocations=53 (full 0):
 garbage-first heap   total 301056K, used 248323K [0x0000000080000000, 0x0000000100000000)
  region size 1024K, 76 young (77824K), 9 survivors (9216K)
 Metaspace       used 107022K, committed 107904K, reserved 1146880K
  class space    used 14220K, committed 14656K, reserved 1048576K
}
Event: 25.570 GC heap after
{Heap after GC invocations=54 (full 0):
 garbage-first heap   total 301056K, used 184873K [0x0000000080000000, 0x0000000100000000)
  region size 1024K, 6 young (6144K), 6 survivors (6144K)
 Metaspace       used 107022K, committed 107904K, reserved 1146880K
  class space    used 14220K, committed 14656K, reserved 1048576K
}
Event: 95.807 GC heap before
{Heap before GC invocations=54 (full 0):
 garbage-first heap   total 301056K, used 249385K [0x0000000080000000, 0x0000000100000000)
  region size 1024K, 70 young (71680K), 6 survivors (6144K)
 Metaspace       used 112141K, committed 113088K, reserved 1155072K
  class space    used 14719K, committed 15168K, reserved 1048576K
}
Event: 95.818 GC heap after
{Heap after GC invocations=55 (full 0):
 garbage-first heap   total 301056K, used 188513K [0x0000000080000000, 0x0000000100000000)
  region size 1024K, 4 young (4096K), 4 survivors (4096K)
 Metaspace       used 112141K, committed 113088K, reserved 1155072K
  class space    used 14719K, committed 15168K, reserved 1048576K
}
Event: 96.871 GC heap before
{Heap before GC invocations=55 (full 0):
 garbage-first heap   total 301056K, used 253025K [0x0000000080000000, 0x0000000100000000)
  region size 1024K, 67 young (68608K), 4 survivors (4096K)
 Metaspace       used 113771K, committed 114752K, reserved 1155072K
  class space    used 14921K, committed 15424K, reserved 1048576K
}
Event: 96.887 GC heap after
{Heap after GC invocations=56 (full 0):
 garbage-first heap   total 301056K, used 197632K [0x0000000080000000, 0x0000000100000000)
  region size 1024K, 9 young (9216K), 9 survivors (9216K)
 Metaspace       used 113771K, committed 114752K, reserved 1155072K
  class space    used 14921K, committed 15424K, reserved 1048576K
}
Event: 98.191 GC heap before
{Heap before GC invocations=56 (full 0):
 garbage-first heap   total 301056K, used 252928K [0x0000000080000000, 0x0000000100000000)
  region size 1024K, 64 young (65536K), 9 survivors (9216K)
 Metaspace       used 117930K, committed 118976K, reserved 1155072K
  class space    used 15513K, committed 16000K, reserved 1048576K
}
Event: 98.208 GC heap after
{Heap after GC invocations=57 (full 0):
 garbage-first heap   total 301056K, used 203324K [0x0000000080000000, 0x0000000100000000)
  region size 1024K, 6 young (6144K), 6 survivors (6144K)
 Metaspace       used 117930K, committed 118976K, reserved 1155072K
  class space    used 15513K, committed 16000K, reserved 1048576K
}
Event: 99.090 GC heap before
{Heap before GC invocations=57 (full 0):
 garbage-first heap   total 301056K, used 262716K [0x0000000080000000, 0x0000000100000000)
  region size 1024K, 56 young (57344K), 6 survivors (6144K)
 Metaspace       used 118384K, committed 119360K, reserved 1155072K
  class space    used 15525K, committed 16000K, reserved 1048576K
}
Event: 99.114 GC heap after
{Heap after GC invocations=58 (full 0):
 garbage-first heap   total 301056K, used 227328K [0x0000000080000000, 0x0000000100000000)
  region size 1024K, 7 young (7168K), 7 survivors (7168K)
 Metaspace       used 118384K, committed 119360K, reserved 1155072K
  class space    used 15525K, committed 16000K, reserved 1048576K
}
Event: 99.868 GC heap before
{Heap before GC invocations=58 (full 0):
 garbage-first heap   total 301056K, used 259072K [0x0000000080000000, 0x0000000100000000)
  region size 1024K, 31 young (31744K), 7 survivors (7168K)
 Metaspace       used 118806K, committed 119936K, reserved 1155072K
  class space    used 15559K, committed 16128K, reserved 1048576K
}
Event: 99.885 GC heap after
{Heap after GC invocations=59 (full 0):
 garbage-first heap   total 301056K, used 232448K [0x0000000080000000, 0x0000000100000000)
  region size 1024K, 4 young (4096K), 4 survivors (4096K)
 Metaspace       used 118806K, committed 119936K, reserved 1155072K
  class space    used 15559K, committed 16128K, reserved 1048576K
}

Dll operation events (2 events):
Event: 0.009 Loaded shared library C:\Program Files\Android\Android Studio\jbr\bin\java.dll
Event: 0.949 Loaded shared library C:\Program Files\Android\Android Studio\jbr\bin\verify.dll

Deoptimization events (20 events):
Event: 100.001 Thread 0x000001d6f53096c0 DEOPT PACKING pc=0x000001d6e6248474 sp=0x00000059a9afed60
Event: 100.001 Thread 0x000001d6f53096c0 DEOPT UNPACKING pc=0x000001d6e54a69a3 sp=0x00000059a9afecd0 mode 2
Event: 100.001 Thread 0x000001d6f53096c0 Uncommon trap: trap_request=0xffffffbe fr.pc=0x000001d6e6248474 relative=0x00000000000007d4
Event: 100.001 Thread 0x000001d6f53096c0 Uncommon trap: reason=profile_predicate action=maybe_recompile pc=0x000001d6e6248474 method=org.gradle.internal.file.FileHierarchySet$Node.isChildOfOrThis(Ljava/lang/String;I)Z @ 54 c2
Event: 100.001 Thread 0x000001d6f53096c0 DEOPT PACKING pc=0x000001d6e6248474 sp=0x00000059a9afece0
Event: 100.001 Thread 0x000001d6f53096c0 DEOPT UNPACKING pc=0x000001d6e54a69a3 sp=0x00000059a9afec50 mode 2
Event: 100.001 Thread 0x000001d6f53096c0 Uncommon trap: trap_request=0xffffffbe fr.pc=0x000001d6e6248474 relative=0x00000000000007d4
Event: 100.001 Thread 0x000001d6f53096c0 Uncommon trap: reason=profile_predicate action=maybe_recompile pc=0x000001d6e6248474 method=org.gradle.internal.file.FileHierarchySet$Node.isChildOfOrThis(Ljava/lang/String;I)Z @ 54 c2
Event: 100.001 Thread 0x000001d6f53096c0 DEOPT PACKING pc=0x000001d6e6248474 sp=0x00000059a9afece0
Event: 100.001 Thread 0x000001d6f53096c0 DEOPT UNPACKING pc=0x000001d6e54a69a3 sp=0x00000059a9afec50 mode 2
Event: 100.206 Thread 0x000001d6f91188b0 Uncommon trap: trap_request=0xffffff45 fr.pc=0x000001d6e625a704 relative=0x00000000000005e4
Event: 100.206 Thread 0x000001d6f91188b0 Uncommon trap: reason=unstable_if action=reinterpret pc=0x000001d6e625a704 method=java.io.BufferedWriter.min(II)I @ 2 c2
Event: 100.206 Thread 0x000001d6f91188b0 DEOPT PACKING pc=0x000001d6e625a704 sp=0x00000059ad7fa600
Event: 100.206 Thread 0x000001d6f91188b0 DEOPT UNPACKING pc=0x000001d6e54a69a3 sp=0x00000059ad7fa530 mode 2
Event: 100.215 Thread 0x000001d6f91188b0 Uncommon trap: trap_request=0xffffff45 fr.pc=0x000001d6e625b364 relative=0x00000000000002a4
Event: 100.215 Thread 0x000001d6f91188b0 Uncommon trap: reason=unstable_if action=reinterpret pc=0x000001d6e625b364 method=java.io.BufferedWriter.write(Ljava/lang/String;II)V @ 92 c2
Event: 100.215 Thread 0x000001d6f91188b0 DEOPT PACKING pc=0x000001d6e625b364 sp=0x00000059ad7fa630
Event: 100.215 Thread 0x000001d6f91188b0 DEOPT UNPACKING pc=0x000001d6e54a69a3 sp=0x00000059ad7fa568 mode 2
Event: 100.226 Thread 0x000001d6f91188b0 DEOPT PACKING pc=0x000001d6df79a1c7 sp=0x00000059ad7fa690
Event: 100.226 Thread 0x000001d6f91188b0 DEOPT UNPACKING pc=0x000001d6e54a7143 sp=0x00000059ad7f9ba8 mode 0

Classes unloaded (0 events):
No events

Classes redefined (0 events):
No events

Internal exceptions (20 events):
Event: 97.214 Thread 0x000001d6f9114080 Exception <a 'java/lang/NoSuchMethodError'{0x000000009188f550}: static Lcom/android/buildanalyzer/common/AndroidGradlePluginAttributionData$TaskCategoryInfo;.<clinit>()V> (0x000000009188f550) 
thrown [s\src\hotspot\share\prims\jni.cpp, line 1108]
Event: 97.263 Thread 0x000001d6f91170a0 Exception <a 'sun/nio/fs/WindowsException'{0x0000000091ea4308}> (0x0000000091ea4308) 
thrown [s\src\hotspot\share\prims\jni.cpp, line 517]
Event: 97.272 Thread 0x000001d6f57ed890 Exception <a 'sun/nio/fs/WindowsException'{0x0000000091504b48}> (0x0000000091504b48) 
thrown [s\src\hotspot\share\prims\jni.cpp, line 517]
Event: 97.463 Thread 0x000001d6f91170a0 Exception <a 'java/lang/NoSuchMethodError'{0x00000000909daa30}: static Lcom/android/build/gradle/internal/tasks/AarMetadataArtifact;.<clinit>()V> (0x00000000909daa30) 
thrown [s\src\hotspot\share\prims\jni.cpp, line 1108]
Event: 97.475 Thread 0x000001d6f91188b0 Exception <a 'sun/nio/fs/WindowsException'{0x0000000091eade80}> (0x0000000091eade80) 
thrown [s\src\hotspot\share\prims\jni.cpp, line 517]
Event: 97.512 Thread 0x000001d6f57ed890 Exception <a 'java/lang/NoSuchMethodError'{0x00000000908cb320}: 'java.lang.Object java.lang.invoke.DirectMethodHandle$Holder.invokeSpecial(java.lang.Object, java.lang.Object, long, java.lang.Object, java.lang.Object, java.lang.Object, java.lang.Object, java.lang.Object, java.lang.Object, java.lang.Object, java.lang.Object, java.lang.Object)'> (0x00000000908cb320) 
thrown [s\src\hotspot\share\interpreter\linkResolver.cpp, line 771]
Event: 97.513 Thread 0x000001d6f57ed890 Exception <a 'java/lang/NoSuchMethodError'{0x00000000908cfac8}: 'java.lang.Object java.lang.invoke.DelegatingMethodHandle$Holder.reinvoke_L(java.lang.Object, long, java.lang.Object, java.lang.Object, java.lang.Object, java.lang.Object, java.lang.Object, java.lang.Object, java.lang.Object, java.lang.Object, java.lang.Object)'> (0x00000000908cfac8) 
thrown [s\src\hotspot\share\interpreter\linkResolver.cpp, line 771]
Event: 97.520 Thread 0x000001d6f57ed890 Exception <a 'java/lang/NoSuchMethodError'{0x00000000908fde58}: 'java.lang.Object java.lang.invoke.Invokers$Holder.linkToTargetMethod(java.lang.Object, java.lang.Object, java.lang.Object, java.lang.Object, java.lang.Object, java.lang.Object, java.lang.Object, java.lang.Object, java.lang.Object, java.lang.Object)'> (0x00000000908fde58) 
thrown [s\src\hotspot\share\interpreter\linkResolver.cpp, line 771]
Event: 97.559 Thread 0x000001d6f91188b0 Exception <a 'sun/nio/fs/WindowsException'{0x00000000907cb908}> (0x00000000907cb908) 
thrown [s\src\hotspot\share\prims\jni.cpp, line 517]
Event: 97.588 Thread 0x000001d6fb61d710 Exception <a 'java/lang/NoSuchMethodError'{0x00000000903c4b60}: static Lorg/gradle/internal/build/event/types/DefaultTaskFailureResult;.<clinit>()V> (0x00000000903c4b60) 
thrown [s\src\hotspot\share\prims\jni.cpp, line 1108]
Event: 97.592 Thread 0x000001d6fb61d710 Exception <a 'java/lang/NoSuchMethodError'{0x00000000903f8d20}: static Lorg/gradle/internal/build/event/types/DefaultFailure;.<clinit>()V> (0x00000000903f8d20) 
thrown [s\src\hotspot\share\prims\jni.cpp, line 1108]
Event: 97.709 Thread 0x000001d6f91188b0 Exception <a 'sun/nio/fs/WindowsException'{0x000000008fea2198}> (0x000000008fea2198) 
thrown [s\src\hotspot\share\prims\jni.cpp, line 517]
Event: 97.709 Thread 0x000001d6f91188b0 Exception <a 'sun/nio/fs/WindowsException'{0x000000008fea3018}> (0x000000008fea3018) 
thrown [s\src\hotspot\share\prims\jni.cpp, line 517]
Event: 97.709 Thread 0x000001d6f91188b0 Exception <a 'sun/nio/fs/WindowsException'{0x000000008fea3088}> (0x000000008fea3088) 
thrown [s\src\hotspot\share\prims\jni.cpp, line 517]
Event: 97.709 Thread 0x000001d6f91188b0 Exception <a 'sun/nio/fs/WindowsException'{0x000000008fea3408}> (0x000000008fea3408) 
thrown [s\src\hotspot\share\prims\jni.cpp, line 517]
Event: 97.740 Thread 0x000001d6f91188b0 Exception <a 'sun/nio/fs/WindowsException'{0x000000008fd766d0}> (0x000000008fd766d0) 
thrown [s\src\hotspot\share\prims\jni.cpp, line 517]
Event: 97.740 Thread 0x000001d6f91188b0 Exception <a 'sun/nio/fs/WindowsException'{0x000000008fd78348}> (0x000000008fd78348) 
thrown [s\src\hotspot\share\prims\jni.cpp, line 517]
Event: 97.740 Thread 0x000001d6f91188b0 Exception <a 'sun/nio/fs/WindowsException'{0x000000008fd79c78}> (0x000000008fd79c78) 
thrown [s\src\hotspot\share\prims\jni.cpp, line 517]
Event: 97.741 Thread 0x000001d6f91188b0 Exception <a 'sun/nio/fs/WindowsException'{0x000000008fd7b7c0}> (0x000000008fd7b7c0) 
thrown [s\src\hotspot\share\prims\jni.cpp, line 517]
Event: 97.741 Thread 0x000001d6f91188b0 Exception <a 'sun/nio/fs/WindowsException'{0x000000008fd7cff8}> (0x000000008fd7cff8) 
thrown [s\src\hotspot\share\prims\jni.cpp, line 517]

VM Operations (20 events):
Event: 97.279 Executing VM operation: HandshakeAllThreads done
Event: 97.281 Executing VM operation: HandshakeAllThreads
Event: 97.281 Executing VM operation: HandshakeAllThreads done
Event: 97.353 Executing VM operation: ICBufferFull
Event: 97.354 Executing VM operation: ICBufferFull done
Event: 97.657 Executing VM operation: ICBufferFull
Event: 97.657 Executing VM operation: ICBufferFull done
Event: 98.046 Executing VM operation: HandshakeAllThreads
Event: 98.046 Executing VM operation: HandshakeAllThreads done
Event: 98.191 Executing VM operation: G1CollectForAllocation
Event: 98.208 Executing VM operation: G1CollectForAllocation done
Event: 99.089 Executing VM operation: G1CollectForAllocation
Event: 99.114 Executing VM operation: G1CollectForAllocation done
Event: 99.191 Executing VM operation: HandshakeAllThreads
Event: 99.191 Executing VM operation: HandshakeAllThreads done
Event: 99.235 Executing VM operation: HandshakeAllThreads
Event: 99.235 Executing VM operation: HandshakeAllThreads done
Event: 99.868 Executing VM operation: G1CollectForAllocation
Event: 99.885 Executing VM operation: G1CollectForAllocation done
Event: 100.243 Executing VM operation: G1Concurrent

Events (20 events):
Event: 99.057 loading class java/util/stream/Node$Builder$OfInt done
Event: 99.057 loading class java/util/stream/Nodes$IntArrayNode
Event: 99.057 loading class java/util/stream/Nodes$IntArrayNode done
Event: 99.057 loading class java/util/stream/Nodes$IntFixedNodeBuilder done
Event: 99.077 loading class java/util/concurrent/ConcurrentLinkedDeque
Event: 99.077 loading class java/util/concurrent/ConcurrentLinkedDeque done
Event: 99.077 loading class java/util/concurrent/ConcurrentLinkedDeque$Node
Event: 99.077 loading class java/util/concurrent/ConcurrentLinkedDeque$Node done
Event: 99.237 loading class org/w3c/dom/DOMImplementation
Event: 99.237 loading class org/w3c/dom/DOMImplementation done
Event: 99.238 loading class org/w3c/dom/ls/DOMImplementationLS
Event: 99.238 loading class org/w3c/dom/ls/DOMImplementationLS done
Event: 99.238 loading class org/w3c/dom/ls/LSOutput
Event: 99.238 loading class org/w3c/dom/ls/LSOutput done
Event: 99.239 loading class org/w3c/dom/ls/LSSerializer
Event: 99.239 loading class org/w3c/dom/ls/LSSerializer done
Event: 99.239 loading class org/w3c/dom/ls/LSParser
Event: 99.239 loading class org/w3c/dom/ls/LSParser done
Event: 99.239 loading class org/w3c/dom/ls/LSInput
Event: 99.239 loading class org/w3c/dom/ls/LSInput done


Dynamic libraries:
0x00007ff714bb0000 - 0x00007ff714bba000 	C:\Program Files\Android\Android Studio\jbr\bin\java.exe
0x00007ffccf650000 - 0x00007ffccf847000 	C:\Windows\SYSTEM32\ntdll.dll
0x00007ffcce490000 - 0x00007ffcce54d000 	C:\Windows\System32\KERNEL32.DLL
0x00007ffccd0b0000 - 0x00007ffccd3a6000 	C:\Windows\System32\KERNELBASE.dll
0x00007ffcccfb0000 - 0x00007ffccd0b0000 	C:\Windows\System32\ucrtbase.dll
0x00007ffc80980000 - 0x00007ffc80997000 	C:\Program Files\Android\Android Studio\jbr\bin\jli.dll
0x00007ffccdf00000 - 0x00007ffcce09e000 	C:\Windows\System32\USER32.dll
0x00007ffc9cc40000 - 0x00007ffc9cc5b000 	C:\Program Files\Android\Android Studio\jbr\bin\VCRUNTIME140.dll
0x00007ffccd560000 - 0x00007ffccd582000 	C:\Windows\System32\win32u.dll
0x00007ffcce330000 - 0x00007ffcce35c000 	C:\Windows\System32\GDI32.dll
0x00007ffccd590000 - 0x00007ffccd6aa000 	C:\Windows\System32\gdi32full.dll
0x00007ffcccd30000 - 0x00007ffcccdcd000 	C:\Windows\System32\msvcp_win.dll
0x00007ffcb7b10000 - 0x00007ffcb7daa000 	C:\Windows\WinSxS\amd64_microsoft.windows.common-controls_6595b64144ccf1df_6.0.19041.3570_none_60bb2a3971f3e41a\COMCTL32.dll
0x00007ffccd780000 - 0x00007ffccd81e000 	C:\Windows\System32\msvcrt.dll
0x00007ffccda00000 - 0x00007ffccda30000 	C:\Windows\System32\IMM32.DLL
0x00007ffcb28c0000 - 0x00007ffcb28cc000 	C:\Program Files\Android\Android Studio\jbr\bin\vcruntime140_1.dll
0x00007ffcb0ee0000 - 0x00007ffcb0f6d000 	C:\Program Files\Android\Android Studio\jbr\bin\msvcp140.dll
0x00007ffc80d20000 - 0x00007ffc8198e000 	C:\Program Files\Android\Android Studio\jbr\bin\server\jvm.dll
0x00007ffccda30000 - 0x00007ffccdade000 	C:\Windows\System32\ADVAPI32.dll
0x00007ffcce550000 - 0x00007ffcce5ec000 	C:\Windows\System32\sechost.dll
0x00007ffccd820000 - 0x00007ffccd946000 	C:\Windows\System32\RPCRT4.dll
0x00007ffcb4250000 - 0x00007ffcb4259000 	C:\Windows\SYSTEM32\WSOCK32.dll
0x00007ffcce0a0000 - 0x00007ffcce10b000 	C:\Windows\System32\WS2_32.dll
0x00007ffcb6c40000 - 0x00007ffcb6c67000 	C:\Windows\SYSTEM32\WINMM.dll
0x00007ffcc6870000 - 0x00007ffcc687a000 	C:\Windows\SYSTEM32\VERSION.dll
0x00007ffccabf0000 - 0x00007ffccac02000 	C:\Windows\SYSTEM32\kernel.appcore.dll
0x00007ffc9cc30000 - 0x00007ffc9cc3a000 	C:\Program Files\Android\Android Studio\jbr\bin\jimage.dll
0x00007ffcb9c80000 - 0x00007ffcb9e64000 	C:\Windows\SYSTEM32\DBGHELP.DLL
0x00007ffcb9bd0000 - 0x00007ffcb9c04000 	C:\Windows\SYSTEM32\dbgcore.DLL
0x00007ffccce70000 - 0x00007ffcccef2000 	C:\Windows\System32\bcryptPrimitives.dll
0x00007ffc837b0000 - 0x00007ffc837d5000 	C:\Program Files\Android\Android Studio\jbr\bin\java.dll
0x00007ffc9cc10000 - 0x00007ffc9cc28000 	C:\Program Files\Android\Android Studio\jbr\bin\zip.dll
0x00007ffcce690000 - 0x00007ffccedd4000 	C:\Windows\System32\SHELL32.dll
0x00007ffccadf0000 - 0x00007ffccb58b000 	C:\Windows\SYSTEM32\windows.storage.dll
0x00007ffccede0000 - 0x00007ffccf134000 	C:\Windows\System32\combase.dll
0x00007ffccc6a0000 - 0x00007ffccc6cd000 	C:\Windows\SYSTEM32\Wldp.dll
0x00007ffccdc90000 - 0x00007ffccdd3d000 	C:\Windows\System32\SHCORE.dll
0x00007ffcce430000 - 0x00007ffcce485000 	C:\Windows\System32\shlwapi.dll
0x00007ffcccc60000 - 0x00007ffcccc85000 	C:\Windows\SYSTEM32\profapi.dll
0x00007ffc83790000 - 0x00007ffc837a9000 	C:\Program Files\Android\Android Studio\jbr\bin\net.dll
0x00007ffcc6c70000 - 0x00007ffcc6d7a000 	C:\Windows\SYSTEM32\WINHTTP.dll
0x00007ffccc400000 - 0x00007ffccc46a000 	C:\Windows\system32\mswsock.dll
0x00007ffc80d00000 - 0x00007ffc80d16000 	C:\Program Files\Android\Android Studio\jbr\bin\nio.dll
0x00007ffc839b0000 - 0x00007ffc839c0000 	C:\Program Files\Android\Android Studio\jbr\bin\verify.dll
0x00007ffcb1ec0000 - 0x00007ffcb1ee7000 	C:\Users\Farid Khan\.gradle\native\68d5fa5c4cc2d200863cafc0d521ce42e7d3e7ee720ec0a83991735586a16f82\windows-amd64\native-platform.dll
0x00007ffca8810000 - 0x00007ffca8954000 	C:\Users\Farid Khan\.gradle\native\e376f236ea51e6404a007f0833ffe2c6e607c4080706a723a18a27aeea778392\windows-amd64\native-platform-file-events.dll
0x00007ffc809d0000 - 0x00007ffc809d9000 	C:\Program Files\Android\Android Studio\jbr\bin\management.dll
0x00007ffc809c0000 - 0x00007ffc809cb000 	C:\Program Files\Android\Android Studio\jbr\bin\management_ext.dll
0x00007ffcce320000 - 0x00007ffcce328000 	C:\Windows\System32\PSAPI.DLL
0x00007ffccc600000 - 0x00007ffccc618000 	C:\Windows\SYSTEM32\CRYPTSP.dll
0x00007ffccbd10000 - 0x00007ffccbd44000 	C:\Windows\system32\rsaenh.dll
0x00007ffcccdd0000 - 0x00007ffcccdf7000 	C:\Windows\System32\bcrypt.dll
0x00007ffcccc20000 - 0x00007ffcccc4e000 	C:\Windows\SYSTEM32\USERENV.dll
0x00007ffccc5f0000 - 0x00007ffccc5fc000 	C:\Windows\SYSTEM32\CRYPTBASE.dll
0x00007ffccc0f0000 - 0x00007ffccc12b000 	C:\Windows\SYSTEM32\IPHLPAPI.DLL
0x00007ffcce420000 - 0x00007ffcce428000 	C:\Windows\System32\NSI.dll
0x00007ffcc70f0000 - 0x00007ffcc7107000 	C:\Windows\SYSTEM32\dhcpcsvc6.DLL
0x00007ffcc70d0000 - 0x00007ffcc70ed000 	C:\Windows\SYSTEM32\dhcpcsvc.DLL
0x00007ffccc130000 - 0x00007ffccc1fa000 	C:\Windows\SYSTEM32\DNSAPI.dll
0x00007ffc80970000 - 0x00007ffc80977000 	C:\Windows\system32\wshunix.dll

dbghelp: loaded successfully - version: 4.0.5 - missing functions: none
symbol engine: initialized successfully - sym options: 0x614 - pdb path: .;C:\Program Files\Android\Android Studio\jbr\bin;C:\Windows\SYSTEM32;C:\Windows\WinSxS\amd64_microsoft.windows.common-controls_6595b64144ccf1df_6.0.19041.3570_none_60bb2a3971f3e41a;C:\Program Files\Android\Android Studio\jbr\bin\server;C:\Users\Farid Khan\.gradle\native\68d5fa5c4cc2d200863cafc0d521ce42e7d3e7ee720ec0a83991735586a16f82\windows-amd64;C:\Users\Farid Khan\.gradle\native\e376f236ea51e6404a007f0833ffe2c6e607c4080706a723a18a27aeea778392\windows-amd64

VM Arguments:
jvm_args: --add-opens=java.base/java.util=ALL-UNNAMED --add-opens=java.base/java.lang=ALL-UNNAMED --add-opens=java.base/java.lang.invoke=ALL-UNNAMED --add-opens=java.prefs/java.util.prefs=ALL-UNNAMED --add-opens=java.base/java.nio.charset=ALL-UNNAMED --add-opens=java.base/java.net=ALL-UNNAMED --add-opens=java.base/java.util.concurrent.atomic=ALL-UNNAMED -Xmx2048m -Dfile.encoding=UTF-8 -Duser.country=US -Duser.language=en -Duser.variant 
java_command: org.gradle.launcher.daemon.bootstrap.GradleDaemon 8.0
java_class_path (initial): C:\Users\Farid Khan\.gradle\wrapper\dists\gradle-8.0-bin\ca5e32bp14vu59qr306oxotwh\gradle-8.0\lib\gradle-launcher-8.0.jar
Launcher Type: SUN_STANDARD

[Global flags]
     intx CICompilerCount                          = 3                                         {product} {ergonomic}
     uint ConcGCThreads                            = 1                                         {product} {ergonomic}
     uint G1ConcRefinementThreads                  = 4                                         {product} {ergonomic}
   size_t G1HeapRegionSize                         = 1048576                                   {product} {ergonomic}
    uintx GCDrainStackTargetSize                   = 64                                        {product} {ergonomic}
   size_t InitialHeapSize                          = 201326592                                 {product} {ergonomic}
   size_t MarkStackSize                            = 4194304                                   {product} {ergonomic}
   size_t MaxHeapSize                              = 2147483648                                {product} {command line}
   size_t MaxNewSize                               = 1287651328                                {product} {ergonomic}
   size_t MinHeapDeltaBytes                        = 1048576                                   {product} {ergonomic}
   size_t MinHeapSize                              = 8388608                                   {product} {ergonomic}
    uintx NonNMethodCodeHeapSize                   = 5832780                                {pd product} {ergonomic}
    uintx NonProfiledCodeHeapSize                  = 122912730                              {pd product} {ergonomic}
    uintx ProfiledCodeHeapSize                     = 122912730                              {pd product} {ergonomic}
    uintx ReservedCodeCacheSize                    = 251658240                              {pd product} {ergonomic}
     bool SegmentedCodeCache                       = true                                      {product} {ergonomic}
   size_t SoftMaxHeapSize                          = 2147483648                             {manageable} {ergonomic}
     bool UseCompressedClassPointers               = true                           {product lp64_product} {ergonomic}
     bool UseCompressedOops                        = true                           {product lp64_product} {ergonomic}
     bool UseG1GC                                  = true                                      {product} {ergonomic}
     bool UseLargePagesIndividualAllocation        = false                                  {pd product} {ergonomic}

Logging:
Log output configuration:
 #0: stdout all=warning uptime,level,tags
 #1: stderr all=off uptime,level,tags

Environment Variables:
PATH=C:\Program Files\Common Files\Oracle\Java\javapath;C:\Windows\system32;C:\Windows;C:\Windows\System32\Wbem;C:\Windows\System32\WindowsPowerShell\v1.0\;C:\Windows\System32\OpenSSH\;C:\Users\Farid Khan\AppData\Local\Microsoft\WindowsApps;
USERNAME=Farid Khan
OS=Windows_NT
PROCESSOR_IDENTIFIER=Intel64 Family 6 Model 94 Stepping 3, GenuineIntel
TMP=C:\Users\FARIDK~1\AppData\Local\Temp
TEMP=C:\Users\FARIDK~1\AppData\Local\Temp


JNI global refs:
JNI global refs: 26, weak refs: 0

JNI global refs memory usage: 843, weak refs: 841


---------------  S Y S T E M  ---------------

OS:
 Windows 10 , 64 bit Build 19041 (10.0.19041.3570)
OS uptime: 0 days 0:09 hours
Hyper-V role detected

CPU: total 4 (initial active 4) (2 cores per cpu, 2 threads per core) family 6 model 94 stepping 3 microcode 0xd6, cx8, cmov, fxsr, ht, mmx, 3dnowpref, sse, sse2, sse3, ssse3, sse4.1, sse4.2, popcnt, lzcnt, tsc, tscinvbit, avx, avx2, aes, erms, clmul, bmi1, bmi2, adx, fma, vzeroupper, clflush, clflushopt, hv

Memory: 4k page, system-wide physical 12174M (3712M free)
TotalPageFile size 14030M (AvailPageFile size 6140M)
current process WorkingSet (physical memory assigned to process): 585M, peak: 588M
current process commit charge ("private bytes"): 615M, peak: 619M

vm_info: OpenJDK 64-Bit Server VM (17.0.6+0-b2043.56-10027231) for windows-amd64 JRE (17.0.6+0-b2043.56-10027231), built on Apr 28 2023 00:43:19 by "androidbuild" with MS VC++ 16.10 / 16.11 (VS2019)

END.
